2020-08-04 22:45:53,004-INFO-user_log.py-homoo-日志信息:==========开始测试==========
2020-08-04 22:45:53,011-INFO-user_log.py-homoo-日志信息:/*开始->ID:1,标题:正常登录*/
2020-08-04 22:45:53,233-INFO-user_log.py-homoo-日志信息:/*结束->ID:1,标题:正常登录*/
2020-08-04 22:45:53,278-INFO-user_log.py-homoo-日志信息:==========测试结束==========
2020-08-04 22:45:53,292-INFO-user_log.py-homoo-日志信息:==========开始测试==========
2020-08-04 22:45:53,295-INFO-user_log.py-homoo-日志信息:/*开始->ID:2,标题:正常创建*/
2020-08-04 22:45:53,581-INFO-user_log.py-homoo-日志信息:/*结束->ID:2,标题:正常创建*/
2020-08-04 22:45:53,584-INFO-user_log.py-homoo-日志信息:==========测试结束==========
2020-08-04 22:45:53,593-INFO-user_log.py-homoo-日志信息:==========开始测试==========
2020-08-04 22:45:53,596-INFO-user_log.py-homoo-日志信息:/*开始->ID:3,标题:重复创建*/
2020-08-04 22:45:53,908-INFO-user_log.py-homoo-日志信息:/*结束->ID:3,标题:重复创建*/
2020-08-04 22:45:53,911-INFO-user_log.py-homoo-日志信息:==========测试结束==========
2020-08-04 22:45:53,919-INFO-user_log.py-homoo-日志信息:==========开始测试==========
2020-08-04 22:45:53,922-INFO-user_log.py-homoo-日志信息:/*开始->ID:4,标题:data为空创建*/
2020-08-04 22:45:54,247-INFO-user_log.py-homoo-日志信息:/*结束->ID:4,标题:data为空创建*/
2020-08-04 22:45:54,250-INFO-user_log.py-homoo-日志信息:==========测试结束==========
2020-08-04 22:45:54,258-INFO-user_log.py-homoo-日志信息:==========开始测试==========
2020-08-04 22:45:54,260-INFO-user_log.py-homoo-日志信息:/*开始->ID:5,标题:action为空创建*/
2020-08-04 22:45:54,274-INFO-user_log.py-homoo-日志信息:/*结束->ID:5,标题:action为空创建*/
2020-08-04 22:45:54,312-INFO-user_log.py-homoo-日志信息:==========测试结束==========
2020-08-04 22:46:03,319-INFO-user_log.py-homoo-日志信息:==========开始测试==========
2020-08-04 22:46:03,328-INFO-user_log.py-homoo-日志信息:/*开始->ID:1,标题:正常登录*/
2020-08-04 22:46:03,555-INFO-user_log.py-homoo-日志信息:/*结束->ID:1,标题:正常登录*/
2020-08-04 22:46:03,823-INFO-user_log.py-homoo-日志信息:==========测试结束==========
2020-08-04 22:46:03,827-INFO-user_log.py-homoo-日志信息:==========开始测试==========
2020-08-04 22:46:03,830-INFO-user_log.py-homoo-日志信息:/*开始->ID:2,标题:正常创建*/
2020-08-04 22:46:04,135-INFO-user_log.py-homoo-日志信息:/*结束->ID:2,标题:正常创建*/
2020-08-04 22:46:04,137-INFO-user_log.py-homoo-日志信息:==========测试结束==========
2020-08-04 22:46:04,148-INFO-user_log.py-homoo-日志信息:==========开始测试==========
2020-08-04 22:46:04,150-INFO-user_log.py-homoo-日志信息:/*开始->ID:3,标题:重复创建*/
2020-08-04 22:46:04,425-INFO-user_log.py-homoo-日志信息:/*结束->ID:3,标题:重复创建*/
2020-08-04 22:46:04,427-INFO-user_log.py-homoo-日志信息:==========测试结束==========
2020-08-04 22:46:04,436-INFO-user_log.py-homoo-日志信息:==========开始测试==========
2020-08-04 22:46:04,441-INFO-user_log.py-homoo-日志信息:/*开始->ID:4,标题:data为空创建*/
2020-08-04 22:46:04,722-INFO-user_log.py-homoo-日志信息:/*结束->ID:4,标题:data为空创建*/
2020-08-04 22:46:04,725-INFO-user_log.py-homoo-日志信息:==========测试结束==========
2020-08-04 22:46:04,734-INFO-user_log.py-homoo-日志信息:==========开始测试==========
2020-08-04 22:46:04,737-INFO-user_log.py-homoo-日志信息:/*开始->ID:5,标题:action为空创建*/
2020-08-04 22:46:04,749-INFO-user_log.py-homoo-日志信息:/*结束->ID:5,标题:action为空创建*/
2020-08-04 22:46:05,007-INFO-user_log.py-homoo-日志信息:==========测试结束==========
2020-08-04 22:51:22,648-INFO-user_log.py-homoo-日志信息:==========开始测试==========
2020-08-04 22:51:22,660-INFO-user_log.py-homoo-日志信息:/*开始->ID:1,标题:正常登录*/
2020-08-04 22:51:22,880-INFO-user_log.py-homoo-日志信息:/*结束->ID:1,标题:正常登录*/
2020-08-04 22:51:23,105-INFO-user_log.py-homoo-日志信息:==========测试结束==========
2020-08-04 22:51:23,108-INFO-user_log.py-homoo-日志信息:==========开始测试==========
2020-08-04 22:51:23,111-INFO-user_log.py-homoo-日志信息:/*开始->ID:2,标题:正常创建*/
2020-08-04 22:51:23,393-INFO-user_log.py-homoo-日志信息:/*结束->ID:2,标题:正常创建*/
2020-08-04 22:51:23,396-INFO-user_log.py-homoo-日志信息:==========测试结束==========
2020-08-04 22:51:23,408-INFO-user_log.py-homoo-日志信息:==========开始测试==========
2020-08-04 22:51:23,411-INFO-user_log.py-homoo-日志信息:/*开始->ID:3,标题:重复创建*/
2020-08-04 22:51:23,715-INFO-user_log.py-homoo-日志信息:/*结束->ID:3,标题:重复创建*/
2020-08-04 22:51:23,718-INFO-user_log.py-homoo-日志信息:==========测试结束==========
2020-08-04 22:51:23,728-INFO-user_log.py-homoo-日志信息:==========开始测试==========
2020-08-04 22:51:23,731-INFO-user_log.py-homoo-日志信息:/*开始->ID:4,标题:data为空创建*/
2020-08-04 22:51:24,052-INFO-user_log.py-homoo-日志信息:/*结束->ID:4,标题:data为空创建*/
2020-08-04 22:51:24,055-INFO-user_log.py-homoo-日志信息:==========测试结束==========
2020-08-04 22:51:24,062-INFO-user_log.py-homoo-日志信息:==========开始测试==========
2020-08-04 22:51:24,065-INFO-user_log.py-homoo-日志信息:/*开始->ID:5,标题:action为空创建*/
2020-08-04 22:51:24,077-INFO-user_log.py-homoo-日志信息:/*结束->ID:5,标题:action为空创建*/
2020-08-04 22:51:24,321-INFO-user_log.py-homoo-日志信息:==========测试结束==========
2020-08-04 22:52:05,473-INFO-user_log.py-homoo-日志信息:==========开始测试==========
2020-08-04 22:52:05,485-INFO-user_log.py-homoo-日志信息:/*开始->ID:1,标题:正常登录*/
2020-08-04 22:52:05,716-INFO-user_log.py-homoo-日志信息:/*结束->ID:1,标题:正常登录*/
2020-08-04 22:52:06,101-INFO-user_log.py-homoo-日志信息:==========测试结束==========
2020-08-04 22:52:06,106-INFO-user_log.py-homoo-日志信息:==========开始测试==========
2020-08-04 22:52:06,109-INFO-user_log.py-homoo-日志信息:/*开始->ID:2,标题:正常创建*/
2020-08-04 22:52:06,403-INFO-user_log.py-homoo-日志信息:/*结束->ID:2,标题:正常创建*/
2020-08-04 22:52:06,407-INFO-user_log.py-homoo-日志信息:==========测试结束==========
2020-08-04 22:52:06,423-INFO-user_log.py-homoo-日志信息:==========开始测试==========
2020-08-04 22:52:06,428-INFO-user_log.py-homoo-日志信息:/*开始->ID:3,标题:重复创建*/
2020-08-04 22:52:06,724-INFO-user_log.py-homoo-日志信息:/*结束->ID:3,标题:重复创建*/
2020-08-04 22:52:06,728-INFO-user_log.py-homoo-日志信息:==========测试结束==========
2020-08-04 22:52:06,739-INFO-user_log.py-homoo-日志信息:==========开始测试==========
2020-08-04 22:52:06,744-INFO-user_log.py-homoo-日志信息:/*开始->ID:4,标题:data为空创建*/
2020-08-04 22:52:07,050-INFO-user_log.py-homoo-日志信息:/*结束->ID:4,标题:data为空创建*/
2020-08-04 22:52:07,054-INFO-user_log.py-homoo-日志信息:==========测试结束==========
2020-08-04 22:52:07,070-INFO-user_log.py-homoo-日志信息:==========开始测试==========
2020-08-04 22:52:07,075-INFO-user_log.py-homoo-日志信息:/*开始->ID:5,标题:action为空创建*/
2020-08-04 22:52:07,097-INFO-user_log.py-homoo-日志信息:/*结束->ID:5,标题:action为空创建*/
2020-08-04 22:52:07,513-INFO-user_log.py-homoo-日志信息:==========测试结束==========
2020-08-04 22:52:32,839-INFO-user_log.py-homoo-日志信息:==========开始测试==========
2020-08-04 22:52:32,858-INFO-user_log.py-homoo-日志信息:/*开始->ID:1,标题:正常登录*/
2020-08-04 22:52:33,102-INFO-user_log.py-homoo-日志信息:/*结束->ID:1,标题:正常登录*/
2020-08-04 22:52:33,516-INFO-user_log.py-homoo-日志信息:==========测试结束==========
2020-08-04 22:52:33,520-INFO-user_log.py-homoo-日志信息:==========开始测试==========
2020-08-04 22:52:33,524-INFO-user_log.py-homoo-日志信息:/*开始->ID:2,标题:正常创建*/
2020-08-04 22:52:33,819-INFO-user_log.py-homoo-日志信息:/*结束->ID:2,标题:正常创建*/
2020-08-04 22:52:33,824-INFO-user_log.py-homoo-日志信息:==========测试结束==========
2020-08-04 22:52:33,840-INFO-user_log.py-homoo-日志信息:==========开始测试==========
2020-08-04 22:52:33,844-INFO-user_log.py-homoo-日志信息:/*开始->ID:3,标题:重复创建*/
2020-08-04 22:52:34,134-INFO-user_log.py-homoo-日志信息:/*结束->ID:3,标题:重复创建*/
2020-08-04 22:52:34,137-INFO-user_log.py-homoo-日志信息:==========测试结束==========
2020-08-04 22:52:34,149-INFO-user_log.py-homoo-日志信息:==========开始测试==========
2020-08-04 22:52:34,153-INFO-user_log.py-homoo-日志信息:/*开始->ID:4,标题:data为空创建*/
2020-08-04 22:52:34,455-INFO-user_log.py-homoo-日志信息:/*结束->ID:4,标题:data为空创建*/
2020-08-04 22:52:34,459-INFO-user_log.py-homoo-日志信息:==========测试结束==========
2020-08-04 22:52:34,473-INFO-user_log.py-homoo-日志信息:==========开始测试==========
2020-08-04 22:52:34,477-INFO-user_log.py-homoo-日志信息:/*开始->ID:5,标题:action为空创建*/
2020-08-04 22:52:34,496-INFO-user_log.py-homoo-日志信息:/*结束->ID:5,标题:action为空创建*/
2020-08-04 22:52:34,876-INFO-user_log.py-homoo-日志信息:==========测试结束==========
2020-08-04 22:53:33,952-INFO-user_log.py-homoo-日志信息:==========开始测试==========
2020-08-04 22:53:33,967-INFO-user_log.py-homoo-日志信息:/*开始->ID:1,标题:正常登录*/
2020-08-04 22:53:34,219-INFO-user_log.py-homoo-日志信息:/*结束->ID:1,标题:正常登录*/
2020-08-04 22:53:34,583-INFO-user_log.py-homoo-日志信息:==========测试结束==========
2020-08-04 22:53:34,588-INFO-user_log.py-homoo-日志信息:==========开始测试==========
2020-08-04 22:53:34,592-INFO-user_log.py-homoo-日志信息:/*开始->ID:2,标题:正常创建*/
2020-08-04 22:53:34,860-INFO-user_log.py-homoo-日志信息:/*结束->ID:2,标题:正常创建*/
2020-08-04 22:53:34,863-INFO-user_log.py-homoo-日志信息:==========测试结束==========
2020-08-04 22:53:34,878-INFO-user_log.py-homoo-日志信息:==========开始测试==========
2020-08-04 22:53:34,881-INFO-user_log.py-homoo-日志信息:/*开始->ID:3,标题:重复创建*/
2020-08-04 22:53:35,304-INFO-user_log.py-homoo-日志信息:/*结束->ID:3,标题:重复创建*/
2020-08-04 22:53:35,308-INFO-user_log.py-homoo-日志信息:==========测试结束==========
2020-08-04 22:53:35,326-INFO-user_log.py-homoo-日志信息:==========开始测试==========
2020-08-04 22:53:35,330-INFO-user_log.py-homoo-日志信息:/*开始->ID:4,标题:data为空创建*/
2020-08-04 22:53:35,655-INFO-user_log.py-homoo-日志信息:/*结束->ID:4,标题:data为空创建*/
2020-08-04 22:53:35,658-INFO-user_log.py-homoo-日志信息:==========测试结束==========
2020-08-04 22:53:35,670-INFO-user_log.py-homoo-日志信息:==========开始测试==========
2020-08-04 22:53:35,674-INFO-user_log.py-homoo-日志信息:/*开始->ID:5,标题:action为空创建*/
2020-08-04 22:53:35,691-INFO-user_log.py-homoo-日志信息:/*结束->ID:5,标题:action为空创建*/
2020-08-04 22:53:36,081-INFO-user_log.py-homoo-日志信息:==========测试结束==========
2020-08-04 23:02:22,669-INFO-user_log.py-homoo-日志信息:==========开始测试==========
2020-08-04 23:02:22,676-INFO-user_log.py-homoo-日志信息:/*开始->ID:1,标题:正常登录*/
2020-08-04 23:02:22,890-INFO-user_log.py-homoo-日志信息:/*结束->ID:1,标题:正常登录*/
2020-08-04 23:02:23,178-INFO-user_log.py-homoo-日志信息:==========测试结束==========
2020-08-04 23:02:23,181-INFO-user_log.py-homoo-日志信息:==========开始测试==========
2020-08-04 23:02:23,185-INFO-user_log.py-homoo-日志信息:/*开始->ID:2,标题:正常创建*/
2020-08-04 23:02:23,374-INFO-user_log.py-homoo-日志信息:/*结束->ID:2,标题:正常创建*/
2020-08-04 23:02:23,627-INFO-user_log.py-homoo-日志信息:==========测试结束==========
2020-08-04 23:02:23,630-INFO-user_log.py-homoo-日志信息:==========开始测试==========
2020-08-04 23:02:23,633-INFO-user_log.py-homoo-日志信息:/*开始->ID:3,标题:重复创建*/
2020-08-04 23:02:23,650-INFO-user_log.py-homoo-日志信息:/*结束->ID:3,标题:重复创建*/
2020-08-04 23:02:23,895-INFO-user_log.py-homoo-日志信息:==========测试结束==========
2020-08-04 23:02:23,898-INFO-user_log.py-homoo-日志信息:==========开始测试==========
2020-08-04 23:02:23,901-INFO-user_log.py-homoo-日志信息:/*开始->ID:4,标题:data为空创建*/
2020-08-04 23:02:23,996-INFO-user_log.py-homoo-日志信息:/*结束->ID:4,标题:data为空创建*/
2020-08-04 23:02:23,999-INFO-user_log.py-homoo-日志信息:==========测试结束==========
2020-08-04 23:02:24,011-INFO-user_log.py-homoo-日志信息:==========开始测试==========
2020-08-04 23:02:24,015-INFO-user_log.py-homoo-日志信息:/*开始->ID:5,标题:action为空创建*/
2020-08-04 23:02:24,027-INFO-user_log.py-homoo-日志信息:/*结束->ID:5,标题:action为空创建*/
2020-08-04 23:02:24,299-INFO-user_log.py-homoo-日志信息:==========测试结束==========
2020-08-04 23:11:55,551-INFO-user_log.py-homoo-日志信息:==========开始测试==========
2020-08-04 23:11:55,560-INFO-user_log.py-homoo-日志信息:/*开始->ID:1,标题:正常登录*/
2020-08-04 23:11:55,786-INFO-user_log.py-homoo-日志信息:/*结束->ID:1,标题:正常登录*/
2020-08-04 23:11:56,027-INFO-user_log.py-homoo-日志信息:==========测试结束==========
2020-08-04 23:11:56,031-INFO-user_log.py-homoo-日志信息:==========开始测试==========
2020-08-04 23:11:56,034-INFO-user_log.py-homoo-日志信息:/*开始->ID:2,标题:正常创建*/
2020-08-04 23:11:56,047-INFO-user_log.py-homoo-日志信息:/*结束->ID:2,标题:正常创建*/
2020-08-04 23:11:56,283-INFO-user_log.py-homoo-日志信息:==========测试结束==========
2020-08-04 23:11:56,295-INFO-user_log.py-homoo-日志信息:==========开始测试==========
2020-08-04 23:11:56,311-INFO-user_log.py-homoo-日志信息:/*开始->ID:3,标题:重复创建*/
2020-08-04 23:11:56,325-INFO-user_log.py-homoo-日志信息:/*结束->ID:3,标题:重复创建*/
2020-08-04 23:11:56,570-INFO-user_log.py-homoo-日志信息:==========测试结束==========
2020-08-04 23:11:56,573-INFO-user_log.py-homoo-日志信息:==========开始测试==========
2020-08-04 23:11:56,576-INFO-user_log.py-homoo-日志信息:/*开始->ID:4,标题:data为空创建*/
2020-08-04 23:11:56,671-INFO-user_log.py-homoo-日志信息:/*结束->ID:4,标题:data为空创建*/
2020-08-04 23:11:56,674-INFO-user_log.py-homoo-日志信息:==========测试结束==========
2020-08-04 23:11:56,687-INFO-user_log.py-homoo-日志信息:==========开始测试==========
2020-08-04 23:11:56,690-INFO-user_log.py-homoo-日志信息:/*开始->ID:5,标题:action为空创建*/
2020-08-04 23:11:56,706-INFO-user_log.py-homoo-日志信息:/*结束->ID:5,标题:action为空创建*/
2020-08-04 23:11:56,966-INFO-user_log.py-homoo-日志信息:==========测试结束==========
2020-08-04 23:15:52,905-INFO-user_log.py-homoo-日志信息:==========开始测试==========
2020-08-04 23:15:52,917-INFO-user_log.py-homoo-日志信息:/*开始->ID:1,标题:正常登录*/
2020-08-04 23:15:53,133-INFO-user_log.py-homoo-日志信息:/*结束->ID:1,标题:正常登录*/
2020-08-04 23:15:53,376-INFO-user_log.py-homoo-日志信息:==========测试结束==========
2020-08-04 23:15:53,380-INFO-user_log.py-homoo-日志信息:==========开始测试==========
2020-08-04 23:15:53,383-INFO-user_log.py-homoo-日志信息:/*开始->ID:2,标题:正常创建*/
2020-08-04 23:15:53,579-INFO-user_log.py-homoo-日志信息:/*结束->ID:2,标题:正常创建*/
2020-08-04 23:15:53,846-INFO-user_log.py-homoo-日志信息:==========测试结束==========
2020-08-04 23:15:53,850-INFO-user_log.py-homoo-日志信息:==========开始测试==========
2020-08-04 23:15:53,852-INFO-user_log.py-homoo-日志信息:/*开始->ID:3,标题:重复创建*/
2020-08-04 23:15:54,062-INFO-user_log.py-homoo-日志信息:/*结束->ID:3,标题:重复创建*/
2020-08-04 23:15:54,298-INFO-user_log.py-homoo-日志信息:==========测试结束==========
2020-08-04 23:15:54,312-INFO-user_log.py-homoo-日志信息:==========开始测试==========
2020-08-04 23:15:54,315-INFO-user_log.py-homoo-日志信息:/*开始->ID:4,标题:data为空创建*/
2020-08-04 23:15:54,404-INFO-user_log.py-homoo-日志信息:/*结束->ID:4,标题:data为空创建*/
2020-08-04 23:15:54,407-INFO-user_log.py-homoo-日志信息:==========测试结束==========
2020-08-04 23:15:54,419-INFO-user_log.py-homoo-日志信息:==========开始测试==========
2020-08-04 23:15:54,423-INFO-user_log.py-homoo-日志信息:/*开始->ID:5,标题:action为空创建*/
2020-08-04 23:15:54,435-INFO-user_log.py-homoo-日志信息:/*结束->ID:5,标题:action为空创建*/
2020-08-04 23:15:54,694-INFO-user_log.py-homoo-日志信息:==========测试结束==========
2020-08-04 23:25:01,705-INFO-user_log.py-homoo-日志信息:==========开始测试==========
2020-08-04 23:25:01,716-INFO-user_log.py-homoo-日志信息:/*开始->ID:1,标题:正常登录*/
2020-08-04 23:25:01,934-INFO-user_log.py-homoo-日志信息:/*结束->ID:1,标题:正常登录*/
2020-08-04 23:25:02,187-INFO-user_log.py-homoo-日志信息:==========测试结束==========
2020-08-04 23:25:02,191-INFO-user_log.py-homoo-日志信息:==========开始测试==========
2020-08-04 23:25:02,194-INFO-user_log.py-homoo-日志信息:/*开始->ID:2,标题:正常创建*/
2020-08-04 23:25:02,295-INFO-user_log.py-homoo-日志信息:/*结束->ID:2,标题:正常创建*/
2020-08-04 23:25:02,298-INFO-user_log.py-homoo-日志信息:==========测试结束==========
2020-08-04 23:25:02,313-INFO-user_log.py-homoo-日志信息:==========开始测试==========
2020-08-04 23:25:02,316-INFO-user_log.py-homoo-日志信息:/*开始->ID:3,标题:重复创建*/
2020-08-04 23:25:02,415-INFO-user_log.py-homoo-日志信息:/*结束->ID:3,标题:重复创建*/
2020-08-04 23:25:02,418-INFO-user_log.py-homoo-日志信息:==========测试结束==========
2020-08-04 23:25:02,426-INFO-user_log.py-homoo-日志信息:==========开始测试==========
2020-08-04 23:25:02,429-INFO-user_log.py-homoo-日志信息:/*开始->ID:4,标题:data为空创建*/
2020-08-04 23:25:02,440-INFO-user_log.py-homoo-日志信息:/*结束->ID:4,标题:data为空创建*/
2020-08-04 23:25:02,676-INFO-user_log.py-homoo-日志信息:==========测试结束==========
2020-08-04 23:25:02,680-INFO-user_log.py-homoo-日志信息:==========开始测试==========
2020-08-04 23:25:02,682-INFO-user_log.py-homoo-日志信息:/*开始->ID:5,标题:action为空创建*/
2020-08-04 23:25:02,693-INFO-user_log.py-homoo-日志信息:/*结束->ID:5,标题:action为空创建*/
2020-08-04 23:25:02,955-INFO-user_log.py-homoo-日志信息:==========测试结束==========
2020-08-04 23:26:48,808-INFO-user_log.py-homoo-日志信息:==========开始测试==========
2020-08-04 23:26:48,815-INFO-user_log.py-homoo-日志信息:/*开始->ID:1,标题:正常登录*/
2020-08-04 23:26:49,034-INFO-user_log.py-homoo-日志信息:/*结束->ID:1,标题:正常登录*/
2020-08-04 23:26:49,275-INFO-user_log.py-homoo-日志信息:==========测试结束==========
2020-08-04 23:26:49,279-INFO-user_log.py-homoo-日志信息:==========开始测试==========
2020-08-04 23:26:49,281-INFO-user_log.py-homoo-日志信息:/*开始->ID:2,标题:正常创建*/
2020-08-04 23:26:49,373-INFO-user_log.py-homoo-日志信息:/*结束->ID:2,标题:正常创建*/
2020-08-04 23:26:49,376-INFO-user_log.py-homoo-日志信息:==========测试结束==========
2020-08-04 23:26:49,388-INFO-user_log.py-homoo-日志信息:==========开始测试==========
2020-08-04 23:26:49,391-INFO-user_log.py-homoo-日志信息:/*开始->ID:3,标题:重复创建*/
2020-08-04 23:26:49,508-INFO-user_log.py-homoo-日志信息:/*结束->ID:3,标题:重复创建*/
2020-08-04 23:26:49,511-INFO-user_log.py-homoo-日志信息:==========测试结束==========
2020-08-04 23:26:49,519-INFO-user_log.py-homoo-日志信息:==========开始测试==========
2020-08-04 23:26:49,522-INFO-user_log.py-homoo-日志信息:/*开始->ID:4,标题:data为空创建*/
2020-08-04 23:26:49,537-INFO-user_log.py-homoo-日志信息:/*结束->ID:4,标题:data为空创建*/
2020-08-04 23:26:49,807-INFO-user_log.py-homoo-日志信息:==========测试结束==========
2020-08-04 23:26:49,811-INFO-user_log.py-homoo-日志信息:==========开始测试==========
2020-08-04 23:26:49,814-INFO-user_log.py-homoo-日志信息:/*开始->ID:5,标题:action为空创建*/
2020-08-04 23:26:49,826-INFO-user_log.py-homoo-日志信息:/*结束->ID:5,标题:action为空创建*/
2020-08-04 23:26:50,062-INFO-user_log.py-homoo-日志信息:==========测试结束==========
2020-08-04 23:31:05,670-INFO-user_log.py-homoo-日志信息:==========开始测试==========
2020-08-04 23:31:05,677-INFO-user_log.py-homoo-日志信息:/*开始->ID:1,标题:正常登录*/
2020-08-04 23:31:05,896-INFO-user_log.py-homoo-日志信息:/*结束->ID:1,标题:正常登录*/
2020-08-04 23:31:06,156-INFO-user_log.py-homoo-日志信息:==========测试结束==========
2020-08-04 23:31:06,160-INFO-user_log.py-homoo-日志信息:==========开始测试==========
2020-08-04 23:31:06,162-INFO-user_log.py-homoo-日志信息:/*开始->ID:2,标题:正常创建*/
2020-08-04 23:31:06,257-INFO-user_log.py-homoo-日志信息:/*结束->ID:2,标题:正常创建*/
2020-08-04 23:31:06,260-INFO-user_log.py-homoo-日志信息:==========测试结束==========
2020-08-04 23:31:06,272-INFO-user_log.py-homoo-日志信息:==========开始测试==========
2020-08-04 23:31:06,275-INFO-user_log.py-homoo-日志信息:/*开始->ID:3,标题:重复创建*/
2020-08-04 23:31:06,369-INFO-user_log.py-homoo-日志信息:/*结束->ID:3,标题:重复创建*/
2020-08-04 23:31:06,373-INFO-user_log.py-homoo-日志信息:==========测试结束==========
2020-08-04 23:31:06,382-INFO-user_log.py-homoo-日志信息:==========开始测试==========
2020-08-04 23:31:06,385-INFO-user_log.py-homoo-日志信息:/*开始->ID:4,标题:data为空创建*/
2020-08-04 23:31:06,397-INFO-user_log.py-homoo-日志信息:/*结束->ID:4,标题:data为空创建*/
2020-08-04 23:31:06,641-INFO-user_log.py-homoo-日志信息:==========测试结束==========
2020-08-04 23:31:06,645-INFO-user_log.py-homoo-日志信息:==========开始测试==========
2020-08-04 23:31:06,647-INFO-user_log.py-homoo-日志信息:/*开始->ID:5,标题:action为空创建*/
2020-08-04 23:31:06,658-INFO-user_log.py-homoo-日志信息:/*结束->ID:5,标题:action为空创建*/
2020-08-04 23:31:06,903-INFO-user_log.py-homoo-日志信息:==========测试结束==========
2020-08-04 23:32:12,052-INFO-user_log.py-homoo-日志信息:==========开始测试==========
2020-08-04 23:32:12,060-INFO-user_log.py-homoo-日志信息:/*开始->ID:1,标题:正常登录*/
2020-08-04 23:32:12,281-INFO-user_log.py-homoo-日志信息:/*结束->ID:1,标题:正常登录*/
2020-08-04 23:32:12,284-INFO-user_log.py-homoo-日志信息:==========测试结束==========
2020-08-04 23:32:12,287-INFO-user_log.py-homoo-日志信息:==========开始测试==========
2020-08-04 23:32:12,289-INFO-user_log.py-homoo-日志信息:/*开始->ID:2,标题:正常创建*/
2020-08-04 23:32:12,377-INFO-user_log.py-homoo-日志信息:/*结束->ID:2,标题:正常创建*/
2020-08-04 23:32:12,379-INFO-user_log.py-homoo-日志信息:==========测试结束==========
2020-08-04 23:32:12,390-INFO-user_log.py-homoo-日志信息:==========开始测试==========
2020-08-04 23:32:12,393-INFO-user_log.py-homoo-日志信息:/*开始->ID:3,标题:重复创建*/
2020-08-04 23:32:12,509-INFO-user_log.py-homoo-日志信息:/*结束->ID:3,标题:重复创建*/
2020-08-04 23:32:12,513-INFO-user_log.py-homoo-日志信息:==========测试结束==========
2020-08-04 23:32:12,522-INFO-user_log.py-homoo-日志信息:==========开始测试==========
2020-08-04 23:32:12,525-INFO-user_log.py-homoo-日志信息:/*开始->ID:4,标题:data为空创建*/
2020-08-04 23:32:12,538-INFO-user_log.py-homoo-日志信息:/*结束->ID:4,标题:data为空创建*/
2020-08-04 23:32:12,541-INFO-user_log.py-homoo-日志信息:==========测试结束==========
2020-08-04 23:32:12,545-INFO-user_log.py-homoo-日志信息:==========开始测试==========
2020-08-04 23:32:12,548-INFO-user_log.py-homoo-日志信息:/*开始->ID:5,标题:action为空创建*/
2020-08-04 23:32:12,561-INFO-user_log.py-homoo-日志信息:/*结束->ID:5,标题:action为空创建*/
2020-08-04 23:32:12,564-INFO-user_log.py-homoo-日志信息:==========测试结束==========
2020-08-04 23:33:28,249-INFO-user_log.py-homoo-日志信息:==========开始测试==========
2020-08-04 23:33:28,257-INFO-user_log.py-homoo-日志信息:/*开始->ID:1,标题:正常登录*/
2020-08-04 23:33:28,485-INFO-user_log.py-homoo-日志信息:/*结束->ID:1,标题:正常登录*/
2020-08-04 23:33:28,738-INFO-user_log.py-homoo-日志信息:==========测试结束==========
2020-08-04 23:33:28,741-INFO-user_log.py-homoo-日志信息:==========开始测试==========
2020-08-04 23:33:28,744-INFO-user_log.py-homoo-日志信息:/*开始->ID:2,标题:正常创建*/
2020-08-04 23:33:28,851-INFO-user_log.py-homoo-日志信息:/*结束->ID:2,标题:正常创建*/
2020-08-04 23:33:28,854-INFO-user_log.py-homoo-日志信息:==========测试结束==========
2020-08-04 23:33:28,864-INFO-user_log.py-homoo-日志信息:==========开始测试==========
2020-08-04 23:33:28,867-INFO-user_log.py-homoo-日志信息:/*开始->ID:3,标题:重复创建*/
2020-08-04 23:33:29,031-INFO-user_log.py-homoo-日志信息:/*结束->ID:3,标题:重复创建*/
2020-08-04 23:33:29,034-INFO-user_log.py-homoo-日志信息:==========测试结束==========
2020-08-04 23:33:29,042-INFO-user_log.py-homoo-日志信息:==========开始测试==========
2020-08-04 23:33:29,043-INFO-user_log.py-homoo-日志信息:/*开始->ID:4,标题:data为空创建*/
2020-08-04 23:33:29,061-INFO-user_log.py-homoo-日志信息:/*结束->ID:4,标题:data为空创建*/
2020-08-04 23:33:29,328-INFO-user_log.py-homoo-日志信息:==========测试结束==========
2020-08-04 23:33:29,331-INFO-user_log.py-homoo-日志信息:==========开始测试==========
2020-08-04 23:33:29,334-INFO-user_log.py-homoo-日志信息:/*开始->ID:5,标题:action为空创建*/
2020-08-04 23:33:29,346-INFO-user_log.py-homoo-日志信息:/*结束->ID:5,标题:action为空创建*/
2020-08-04 23:33:29,597-INFO-user_log.py-homoo-日志信息:==========测试结束==========
2020-08-04 23:34:25,178-INFO-user_log.py-homoo-日志信息:==========开始测试==========
2020-08-04 23:34:25,186-INFO-user_log.py-homoo-日志信息:/*开始->ID:1,标题:正常登录*/
2020-08-04 23:34:25,411-INFO-user_log.py-homoo-日志信息:/*结束->ID:1,标题:正常登录*/
2020-08-04 23:34:25,646-INFO-user_log.py-homoo-日志信息:==========测试结束==========
2020-08-04 23:34:25,649-INFO-user_log.py-homoo-日志信息:==========开始测试==========
2020-08-04 23:34:25,652-INFO-user_log.py-homoo-日志信息:/*开始->ID:2,标题:正常创建*/
2020-08-04 23:34:25,748-INFO-user_log.py-homoo-日志信息:/*结束->ID:2,标题:正常创建*/
2020-08-04 23:34:25,750-INFO-user_log.py-homoo-日志信息:==========测试结束==========
2020-08-04 23:34:25,762-INFO-user_log.py-homoo-日志信息:==========开始测试==========
2020-08-04 23:34:25,765-INFO-user_log.py-homoo-日志信息:/*开始->ID:3,标题:重复创建*/
2020-08-04 23:34:25,870-INFO-user_log.py-homoo-日志信息:/*结束->ID:3,标题:重复创建*/
2020-08-04 23:34:25,874-INFO-user_log.py-homoo-日志信息:==========测试结束==========
2020-08-04 23:34:25,887-INFO-user_log.py-homoo-日志信息:==========开始测试==========
2020-08-04 23:34:25,894-INFO-user_log.py-homoo-日志信息:/*开始->ID:4,标题:data为空创建*/
2020-08-04 23:34:25,909-INFO-user_log.py-homoo-日志信息:/*结束->ID:4,标题:data为空创建*/
2020-08-04 23:34:26,178-INFO-user_log.py-homoo-日志信息:==========测试结束==========
2020-08-04 23:34:26,181-INFO-user_log.py-homoo-日志信息:==========开始测试==========
2020-08-04 23:34:26,183-INFO-user_log.py-homoo-日志信息:/*开始->ID:5,标题:action为空创建*/
2020-08-04 23:34:26,196-INFO-user_log.py-homoo-日志信息:/*结束->ID:5,标题:action为空创建*/
2020-08-04 23:34:26,446-INFO-user_log.py-homoo-日志信息:==========测试结束==========
2020-08-04 23:34:58,153-INFO-user_log.py-homoo-日志信息:==========开始测试==========
2020-08-04 23:34:58,162-INFO-user_log.py-homoo-日志信息:/*开始->ID:1,标题:正常登录*/
2020-08-04 23:34:58,379-INFO-user_log.py-homoo-日志信息:/*结束->ID:1,标题:正常登录*/
2020-08-04 23:34:58,629-INFO-user_log.py-homoo-日志信息:==========测试结束==========
2020-08-04 23:34:58,633-INFO-user_log.py-homoo-日志信息:==========开始测试==========
2020-08-04 23:34:58,636-INFO-user_log.py-homoo-日志信息:/*开始->ID:2,标题:正常创建*/
2020-08-04 23:34:58,728-INFO-user_log.py-homoo-日志信息:/*结束->ID:2,标题:正常创建*/
2020-08-04 23:34:58,731-INFO-user_log.py-homoo-日志信息:==========测试结束==========
2020-08-04 23:34:58,743-INFO-user_log.py-homoo-日志信息:==========开始测试==========
2020-08-04 23:34:58,747-INFO-user_log.py-homoo-日志信息:/*开始->ID:3,标题:重复创建*/
2020-08-04 23:34:58,846-INFO-user_log.py-homoo-日志信息:/*结束->ID:3,标题:重复创建*/
2020-08-04 23:34:58,849-INFO-user_log.py-homoo-日志信息:==========测试结束==========
2020-08-04 23:34:58,857-INFO-user_log.py-homoo-日志信息:==========开始测试==========
2020-08-04 23:34:58,861-INFO-user_log.py-homoo-日志信息:/*开始->ID:4,标题:data为空创建*/
2020-08-04 23:34:58,871-INFO-user_log.py-homoo-日志信息:/*结束->ID:4,标题:data为空创建*/
2020-08-04 23:34:59,117-INFO-user_log.py-homoo-日志信息:==========测试结束==========
2020-08-04 23:34:59,120-INFO-user_log.py-homoo-日志信息:==========开始测试==========
2020-08-04 23:34:59,123-INFO-user_log.py-homoo-日志信息:/*开始->ID:5,标题:action为空创建*/
2020-08-04 23:34:59,136-INFO-user_log.py-homoo-日志信息:/*结束->ID:5,标题:action为空创建*/
2020-08-04 23:34:59,384-INFO-user_log.py-homoo-日志信息:==========测试结束==========
2020-08-04 23:37:02,782-INFO-user_log.py-homoo-日志信息:==========开始测试==========
2020-08-04 23:37:02,790-INFO-user_log.py-homoo-日志信息:/*开始->ID:1,标题:正常登录*/
2020-08-04 23:37:03,005-INFO-user_log.py-homoo-日志信息:/*结束->ID:1,标题:正常登录*/
2020-08-04 23:37:03,240-INFO-user_log.py-homoo-日志信息:==========测试结束==========
2020-08-04 23:37:03,243-INFO-user_log.py-homoo-日志信息:==========开始测试==========
2020-08-04 23:37:03,246-INFO-user_log.py-homoo-日志信息:/*开始->ID:2,标题:正常创建*/
2020-08-04 23:37:03,378-INFO-user_log.py-homoo-日志信息:/*结束->ID:2,标题:正常创建*/
2020-08-04 23:37:03,381-INFO-user_log.py-homoo-日志信息:==========测试结束==========
2020-08-04 23:37:03,391-INFO-user_log.py-homoo-日志信息:==========开始测试==========
2020-08-04 23:37:03,394-INFO-user_log.py-homoo-日志信息:/*开始->ID:3,标题:重复创建*/
2020-08-04 23:37:03,495-INFO-user_log.py-homoo-日志信息:/*结束->ID:3,标题:重复创建*/
2020-08-04 23:37:03,499-INFO-user_log.py-homoo-日志信息:==========测试结束==========
2020-08-04 23:37:03,508-INFO-user_log.py-homoo-日志信息:==========开始测试==========
2020-08-04 23:37:03,511-INFO-user_log.py-homoo-日志信息:/*开始->ID:4,标题:data为空创建*/
2020-08-04 23:37:03,522-INFO-user_log.py-homoo-日志信息:/*结束->ID:4,标题:data为空创建*/
2020-08-04 23:37:03,769-INFO-user_log.py-homoo-日志信息:==========测试结束==========
2020-08-04 23:37:03,772-INFO-user_log.py-homoo-日志信息:==========开始测试==========
2020-08-04 23:37:03,775-INFO-user_log.py-homoo-日志信息:/*开始->ID:5,标题:action为空创建*/
2020-08-04 23:37:03,787-INFO-user_log.py-homoo-日志信息:/*结束->ID:5,标题:action为空创建*/
2020-08-04 23:37:04,027-INFO-user_log.py-homoo-日志信息:==========测试结束==========
2020-08-04 23:37:47,265-INFO-user_log.py-homoo-日志信息:==========开始测试==========
2020-08-04 23:37:47,274-INFO-user_log.py-homoo-日志信息:/*开始->ID:1,标题:正常登录*/
2020-08-04 23:37:47,505-INFO-user_log.py-homoo-日志信息:/*结束->ID:1,标题:正常登录*/
2020-08-04 23:37:47,755-INFO-user_log.py-homoo-日志信息:==========测试结束==========
2020-08-04 23:37:47,760-INFO-user_log.py-homoo-日志信息:==========开始测试==========
2020-08-04 23:37:47,763-INFO-user_log.py-homoo-日志信息:/*开始->ID:2,标题:正常创建*/
2020-08-04 23:37:47,857-INFO-user_log.py-homoo-日志信息:/*结束->ID:2,标题:正常创建*/
2020-08-04 23:37:47,860-INFO-user_log.py-homoo-日志信息:==========测试结束==========
2020-08-04 23:37:47,872-INFO-user_log.py-homoo-日志信息:==========开始测试==========
2020-08-04 23:37:47,875-INFO-user_log.py-homoo-日志信息:/*开始->ID:3,标题:重复创建*/
2020-08-04 23:37:47,965-INFO-user_log.py-homoo-日志信息:/*结束->ID:3,标题:重复创建*/
2020-08-04 23:37:47,969-INFO-user_log.py-homoo-日志信息:==========测试结束==========
2020-08-04 23:37:47,978-INFO-user_log.py-homoo-日志信息:==========开始测试==========
2020-08-04 23:37:47,981-INFO-user_log.py-homoo-日志信息:/*开始->ID:4,标题:data为空创建*/
2020-08-04 23:37:47,993-INFO-user_log.py-homoo-日志信息:/*结束->ID:4,标题:data为空创建*/
2020-08-04 23:37:48,241-INFO-user_log.py-homoo-日志信息:==========测试结束==========
2020-08-04 23:37:48,244-INFO-user_log.py-homoo-日志信息:==========开始测试==========
2020-08-04 23:37:48,247-INFO-user_log.py-homoo-日志信息:/*开始->ID:5,标题:action为空创建*/
2020-08-04 23:37:48,258-INFO-user_log.py-homoo-日志信息:/*结束->ID:5,标题:action为空创建*/
2020-08-04 23:37:48,509-INFO-user_log.py-homoo-日志信息:==========测试结束==========
2020-08-04 23:38:56,362-INFO-user_log.py-homoo-日志信息:==========开始测试==========
2020-08-04 23:38:56,374-INFO-user_log.py-homoo-日志信息:/*开始->ID:1,标题:正常登录*/
2020-08-04 23:38:56,592-INFO-user_log.py-homoo-日志信息:/*结束->ID:1,标题:正常登录*/
2020-08-04 23:38:56,853-INFO-user_log.py-homoo-日志信息:==========测试结束==========
2020-08-04 23:38:56,856-INFO-user_log.py-homoo-日志信息:==========开始测试==========
2020-08-04 23:38:56,859-INFO-user_log.py-homoo-日志信息:/*开始->ID:2,标题:正常创建*/
2020-08-04 23:38:56,958-INFO-user_log.py-homoo-日志信息:/*结束->ID:2,标题:正常创建*/
2020-08-04 23:38:56,961-INFO-user_log.py-homoo-日志信息:==========测试结束==========
2020-08-04 23:38:56,977-INFO-user_log.py-homoo-日志信息:==========开始测试==========
2020-08-04 23:38:56,981-INFO-user_log.py-homoo-日志信息:/*开始->ID:3,标题:重复创建*/
2020-08-04 23:38:57,089-INFO-user_log.py-homoo-日志信息:/*结束->ID:3,标题:重复创建*/
2020-08-04 23:38:57,091-INFO-user_log.py-homoo-日志信息:==========测试结束==========
2020-08-04 23:38:57,100-INFO-user_log.py-homoo-日志信息:==========开始测试==========
2020-08-04 23:38:57,102-INFO-user_log.py-homoo-日志信息:/*开始->ID:4,标题:data为空创建*/
2020-08-04 23:38:57,124-INFO-user_log.py-homoo-日志信息:/*结束->ID:4,标题:data为空创建*/
2020-08-04 23:38:57,368-INFO-user_log.py-homoo-日志信息:==========测试结束==========
2020-08-04 23:38:57,372-INFO-user_log.py-homoo-日志信息:==========开始测试==========
2020-08-04 23:38:57,375-INFO-user_log.py-homoo-日志信息:/*开始->ID:5,标题:action为空创建*/
2020-08-04 23:38:57,386-INFO-user_log.py-homoo-日志信息:/*结束->ID:5,标题:action为空创建*/
2020-08-04 23:38:57,629-INFO-user_log.py-homoo-日志信息:==========测试结束==========
2020-08-04 23:39:32,812-INFO-user_log.py-homoo-日志信息:==========开始测试==========
2020-08-04 23:39:32,821-INFO-user_log.py-homoo-日志信息:/*开始->ID:1,标题:正常登录*/
2020-08-04 23:39:33,037-INFO-user_log.py-homoo-日志信息:/*结束->ID:1,标题:正常登录*/
2020-08-04 23:39:33,040-INFO-user_log.py-homoo-日志信息:==========测试结束==========
2020-08-04 23:39:33,048-INFO-user_log.py-homoo-日志信息:==========开始测试==========
2020-08-04 23:39:33,051-INFO-user_log.py-homoo-日志信息:/*开始->ID:2,标题:正常创建*/
2020-08-04 23:39:33,147-INFO-user_log.py-homoo-日志信息:/*结束->ID:2,标题:正常创建*/
2020-08-04 23:39:33,149-INFO-user_log.py-homoo-日志信息:==========测试结束==========
2020-08-04 23:39:33,160-INFO-user_log.py-homoo-日志信息:==========开始测试==========
2020-08-04 23:39:33,163-INFO-user_log.py-homoo-日志信息:/*开始->ID:3,标题:重复创建*/
2020-08-04 23:39:33,290-INFO-user_log.py-homoo-日志信息:/*结束->ID:3,标题:重复创建*/
2020-08-04 23:39:33,293-INFO-user_log.py-homoo-日志信息:==========测试结束==========
2020-08-04 23:39:33,300-INFO-user_log.py-homoo-日志信息:==========开始测试==========
2020-08-04 23:39:33,304-INFO-user_log.py-homoo-日志信息:/*开始->ID:4,标题:data为空创建*/
2020-08-04 23:39:33,315-INFO-user_log.py-homoo-日志信息:/*结束->ID:4,标题:data为空创建*/
2020-08-04 23:39:33,318-INFO-user_log.py-homoo-日志信息:==========测试结束==========
2020-08-04 23:39:33,324-INFO-user_log.py-homoo-日志信息:==========开始测试==========
2020-08-04 23:39:33,327-INFO-user_log.py-homoo-日志信息:/*开始->ID:5,标题:action为空创建*/
2020-08-04 23:39:33,343-INFO-user_log.py-homoo-日志信息:/*结束->ID:5,标题:action为空创建*/
2020-08-04 23:39:33,346-INFO-user_log.py-homoo-日志信息:==========测试结束==========
2020-08-04 23:40:26,142-INFO-user_log.py-homoo-日志信息:==========开始测试==========
2020-08-04 23:40:26,150-INFO-user_log.py-homoo-日志信息:/*开始->ID:1,标题:正常登录*/
2020-08-04 23:40:26,368-INFO-user_log.py-homoo-日志信息:/*结束->ID:1,标题:正常登录*/
2020-08-04 23:40:26,616-INFO-user_log.py-homoo-日志信息:==========测试结束==========
2020-08-04 23:40:26,620-INFO-user_log.py-homoo-日志信息:==========开始测试==========
2020-08-04 23:40:26,622-INFO-user_log.py-homoo-日志信息:/*开始->ID:2,标题:正常创建*/
2020-08-04 23:40:26,722-INFO-user_log.py-homoo-日志信息:/*结束->ID:2,标题:正常创建*/
2020-08-04 23:40:26,991-INFO-user_log.py-homoo-日志信息:==========测试结束==========
2020-08-04 23:40:27,002-INFO-user_log.py-homoo-日志信息:==========开始测试==========
2020-08-04 23:40:27,004-INFO-user_log.py-homoo-日志信息:/*开始->ID:3,标题:重复创建*/
2020-08-04 23:40:27,094-INFO-user_log.py-homoo-日志信息:/*结束->ID:3,标题:重复创建*/
2020-08-04 23:40:27,364-INFO-user_log.py-homoo-日志信息:==========测试结束==========
2020-08-04 23:40:27,372-INFO-user_log.py-homoo-日志信息:==========开始测试==========
2020-08-04 23:40:27,375-INFO-user_log.py-homoo-日志信息:/*开始->ID:4,标题:data为空创建*/
2020-08-04 23:40:27,386-INFO-user_log.py-homoo-日志信息:/*结束->ID:4,标题:data为空创建*/
2020-08-04 23:40:27,646-INFO-user_log.py-homoo-日志信息:==========测试结束==========
2020-08-04 23:40:27,651-INFO-user_log.py-homoo-日志信息:==========开始测试==========
2020-08-04 23:40:27,653-INFO-user_log.py-homoo-日志信息:/*开始->ID:5,标题:action为空创建*/
2020-08-04 23:40:27,667-INFO-user_log.py-homoo-日志信息:/*结束->ID:5,标题:action为空创建*/
2020-08-04 23:40:27,973-INFO-user_log.py-homoo-日志信息:==========测试结束==========
2020-08-04 23:42:36,793-INFO-user_log.py-homoo-日志信息:==========开始测试==========
2020-08-04 23:42:36,801-INFO-user_log.py-homoo-日志信息:/*开始->ID:1,标题:正常登录*/
2020-08-04 23:42:37,027-INFO-user_log.py-homoo-日志信息:/*结束->ID:1,标题:正常登录*/
2020-08-04 23:42:37,309-INFO-user_log.py-homoo-日志信息:==========测试结束==========
2020-08-04 23:42:37,313-INFO-user_log.py-homoo-日志信息:==========开始测试==========
2020-08-04 23:42:37,316-INFO-user_log.py-homoo-日志信息:/*开始->ID:2,标题:正常创建*/
2020-08-04 23:42:37,406-INFO-user_log.py-homoo-日志信息:/*结束->ID:2,标题:正常创建*/
2020-08-04 23:42:37,408-INFO-user_log.py-homoo-日志信息:==========测试结束==========
2020-08-04 23:42:37,419-INFO-user_log.py-homoo-日志信息:==========开始测试==========
2020-08-04 23:42:37,422-INFO-user_log.py-homoo-日志信息:/*开始->ID:3,标题:重复创建*/
2020-08-04 23:42:37,513-INFO-user_log.py-homoo-日志信息:/*结束->ID:3,标题:重复创建*/
2020-08-04 23:42:37,516-INFO-user_log.py-homoo-日志信息:==========测试结束==========
2020-08-04 23:42:37,524-INFO-user_log.py-homoo-日志信息:==========开始测试==========
2020-08-04 23:42:37,527-INFO-user_log.py-homoo-日志信息:/*开始->ID:4,标题:data为空创建*/
2020-08-04 23:42:37,548-INFO-user_log.py-homoo-日志信息:/*结束->ID:4,标题:data为空创建*/
2020-08-04 23:42:37,819-INFO-user_log.py-homoo-日志信息:==========测试结束==========
2020-08-04 23:42:37,823-INFO-user_log.py-homoo-日志信息:==========开始测试==========
2020-08-04 23:42:37,825-INFO-user_log.py-homoo-日志信息:/*开始->ID:5,标题:action为空创建*/
2020-08-04 23:42:37,837-INFO-user_log.py-homoo-日志信息:/*结束->ID:5,标题:action为空创建*/
2020-08-04 23:42:38,086-INFO-user_log.py-homoo-日志信息:==========测试结束==========
2020-08-04 23:43:12,340-INFO-user_log.py-homoo-日志信息:==========开始测试==========
2020-08-04 23:43:12,350-INFO-user_log.py-homoo-日志信息:/*开始->ID:1,标题:正常登录*/
2020-08-04 23:43:12,584-INFO-user_log.py-homoo-日志信息:/*结束->ID:1,标题:正常登录*/
2020-08-04 23:43:12,826-INFO-user_log.py-homoo-日志信息:==========测试结束==========
2020-08-04 23:43:12,829-INFO-user_log.py-homoo-日志信息:==========开始测试==========
2020-08-04 23:43:12,832-INFO-user_log.py-homoo-日志信息:/*开始->ID:2,标题:正常创建*/
2020-08-04 23:43:12,925-INFO-user_log.py-homoo-日志信息:/*结束->ID:2,标题:正常创建*/
2020-08-04 23:43:12,927-INFO-user_log.py-homoo-日志信息:==========测试结束==========
2020-08-04 23:43:12,938-INFO-user_log.py-homoo-日志信息:==========开始测试==========
2020-08-04 23:43:12,941-INFO-user_log.py-homoo-日志信息:/*开始->ID:3,标题:重复创建*/
2020-08-04 23:43:13,039-INFO-user_log.py-homoo-日志信息:/*结束->ID:3,标题:重复创建*/
2020-08-04 23:43:13,042-INFO-user_log.py-homoo-日志信息:==========测试结束==========
2020-08-04 23:43:13,050-INFO-user_log.py-homoo-日志信息:==========开始测试==========
2020-08-04 23:43:13,053-INFO-user_log.py-homoo-日志信息:/*开始->ID:4,标题:data为空创建*/
2020-08-04 23:43:13,065-INFO-user_log.py-homoo-日志信息:/*结束->ID:4,标题:data为空创建*/
2020-08-04 23:43:13,312-INFO-user_log.py-homoo-日志信息:==========测试结束==========
2020-08-04 23:43:13,316-INFO-user_log.py-homoo-日志信息:==========开始测试==========
2020-08-04 23:43:13,318-INFO-user_log.py-homoo-日志信息:/*开始->ID:5,标题:action为空创建*/
2020-08-04 23:43:13,335-INFO-user_log.py-homoo-日志信息:/*结束->ID:5,标题:action为空创建*/
2020-08-04 23:43:13,600-INFO-user_log.py-homoo-日志信息:==========测试结束==========
2020-08-04 23:47:40,897-INFO-user_log.py-homoo-日志信息:==========开始测试==========
2020-08-04 23:47:40,904-INFO-user_log.py-homoo-日志信息:/*开始->ID:1,标题:正常登录*/
2020-08-04 23:47:41,120-INFO-user_log.py-homoo-日志信息:/*结束->ID:1,标题:正常登录*/
2020-08-04 23:47:41,386-INFO-user_log.py-homoo-日志信息:==========测试结束==========
2020-08-04 23:47:41,389-INFO-user_log.py-homoo-日志信息:==========开始测试==========
2020-08-04 23:47:41,392-INFO-user_log.py-homoo-日志信息:/*开始->ID:2,标题:正常创建*/
2020-08-04 23:47:41,483-INFO-user_log.py-homoo-日志信息:/*结束->ID:2,标题:正常创建*/
2020-08-04 23:47:41,486-INFO-user_log.py-homoo-日志信息:==========测试结束==========
2020-08-04 23:48:13,471-INFO-user_log.py-homoo-日志信息:==========开始测试==========
2020-08-04 23:48:13,480-INFO-user_log.py-homoo-日志信息:/*开始->ID:1,标题:正常登录*/
2020-08-04 23:48:13,691-INFO-user_log.py-homoo-日志信息:/*结束->ID:1,标题:正常登录*/
2020-08-04 23:48:13,695-INFO-user_log.py-homoo-日志信息:==========测试结束==========
2020-08-04 23:48:13,698-INFO-user_log.py-homoo-日志信息:==========开始测试==========
2020-08-04 23:48:13,701-INFO-user_log.py-homoo-日志信息:/*开始->ID:2,标题:正常创建*/
2020-08-04 23:48:13,793-INFO-user_log.py-homoo-日志信息:/*结束->ID:2,标题:正常创建*/
2020-08-04 23:48:13,796-INFO-user_log.py-homoo-日志信息:==========测试结束==========
2020-08-04 23:48:41,779-INFO-user_log.py-homoo-日志信息:==========开始测试==========
2020-08-04 23:48:41,787-INFO-user_log.py-homoo-日志信息:/*开始->ID:1,标题:正常登录*/
2020-08-04 23:48:42,000-INFO-user_log.py-homoo-日志信息:/*结束->ID:1,标题:正常登录*/
2020-08-04 23:48:42,002-INFO-user_log.py-homoo-日志信息:==========测试结束==========
2020-08-04 23:48:42,005-INFO-user_log.py-homoo-日志信息:==========开始测试==========
2020-08-04 23:48:42,007-INFO-user_log.py-homoo-日志信息:/*开始->ID:2,标题:正常创建*/
2020-08-04 23:48:42,106-INFO-user_log.py-homoo-日志信息:/*结束->ID:2,标题:正常创建*/
2020-08-04 23:48:42,124-INFO-user_log.py-homoo-日志信息:==========测试结束==========
2020-08-04 23:50:57,347-INFO-user_log.py-homoo-日志信息:==========开始测试==========
2020-08-04 23:50:57,356-INFO-user_log.py-homoo-日志信息:/*开始->ID:1,标题:正常登录*/
2020-08-04 23:50:57,590-INFO-user_log.py-homoo-日志信息:/*结束->ID:1,标题:正常登录*/
2020-08-04 23:50:57,593-INFO-user_log.py-homoo-日志信息:==========测试结束==========
2020-08-04 23:50:57,596-INFO-user_log.py-homoo-日志信息:==========开始测试==========
2020-08-04 23:50:57,599-INFO-user_log.py-homoo-日志信息:/*开始->ID:2,标题:正常创建*/
2020-08-04 23:50:57,707-INFO-user_log.py-homoo-日志信息:/*结束->ID:2,标题:正常创建*/
2020-08-04 23:50:57,752-INFO-user_log.py-homoo-日志信息:==========测试结束==========
2020-08-04 23:51:45,389-INFO-user_log.py-homoo-日志信息:==========开始测试==========
2020-08-04 23:51:45,398-INFO-user_log.py-homoo-日志信息:/*开始->ID:1,标题:正常登录*/
2020-08-04 23:51:45,618-INFO-user_log.py-homoo-日志信息:/*结束->ID:1,标题:正常登录*/
2020-08-04 23:51:45,878-INFO-user_log.py-homoo-日志信息:==========测试结束==========
2020-08-04 23:51:45,881-INFO-user_log.py-homoo-日志信息:==========开始测试==========
2020-08-04 23:51:45,884-INFO-user_log.py-homoo-日志信息:/*开始->ID:2,标题:正常创建*/
2020-08-04 23:51:45,976-INFO-user_log.py-homoo-日志信息:/*结束->ID:2,标题:正常创建*/
2020-08-04 23:51:45,979-INFO-user_log.py-homoo-日志信息:==========测试结束==========
2020-08-04 23:51:45,996-INFO-user_log.py-homoo-日志信息:==========开始测试==========
2020-08-04 23:51:45,999-INFO-user_log.py-homoo-日志信息:/*开始->ID:3,标题:重复创建*/
2020-08-04 23:51:46,108-INFO-user_log.py-homoo-日志信息:/*结束->ID:3,标题:重复创建*/
2020-08-04 23:51:46,111-INFO-user_log.py-homoo-日志信息:==========测试结束==========
2020-08-04 23:51:46,120-INFO-user_log.py-homoo-日志信息:==========开始测试==========
2020-08-04 23:51:46,123-INFO-user_log.py-homoo-日志信息:/*开始->ID:4,标题:data为空创建*/
2020-08-04 23:51:46,135-INFO-user_log.py-homoo-日志信息:/*结束->ID:4,标题:data为空创建*/
2020-08-04 23:51:46,424-INFO-user_log.py-homoo-日志信息:==========测试结束==========
2020-08-04 23:51:46,427-INFO-user_log.py-homoo-日志信息:==========开始测试==========
2020-08-04 23:51:46,432-INFO-user_log.py-homoo-日志信息:/*开始->ID:5,标题:action为空创建*/
2020-08-04 23:51:46,445-INFO-user_log.py-homoo-日志信息:/*结束->ID:5,标题:action为空创建*/
2020-08-04 23:51:46,706-INFO-user_log.py-homoo-日志信息:==========测试结束==========
2020-08-04 23:54:35,570-INFO-user_log.py-homoo-日志信息:==========开始测试==========
2020-08-04 23:54:35,579-INFO-user_log.py-homoo-日志信息:/*开始->ID:1,标题:正常登录*/
2020-08-04 23:54:35,807-INFO-user_log.py-homoo-日志信息:/*结束->ID:1,标题:正常登录*/
2020-08-04 23:54:36,083-INFO-user_log.py-homoo-日志信息:==========测试结束==========
2020-08-04 23:54:36,087-INFO-user_log.py-homoo-日志信息:==========开始测试==========
2020-08-04 23:54:36,090-INFO-user_log.py-homoo-日志信息:/*开始->ID:2,标题:用户名为空登录*/
2020-08-04 23:54:36,277-INFO-user_log.py-homoo-日志信息:/*结束->ID:2,标题:用户名为空登录*/
2020-08-04 23:54:36,564-INFO-user_log.py-homoo-日志信息:==========测试结束==========
2020-08-04 23:54:36,567-INFO-user_log.py-homoo-日志信息:==========开始测试==========
2020-08-04 23:54:36,570-INFO-user_log.py-homoo-日志信息:/*开始->ID:3,标题:密码为空登录*/
2020-08-04 23:54:36,767-INFO-user_log.py-homoo-日志信息:/*结束->ID:3,标题:密码为空登录*/
2020-08-04 23:54:37,048-INFO-user_log.py-homoo-日志信息:==========测试结束==========
2020-08-04 23:54:37,052-INFO-user_log.py-homoo-日志信息:==========开始测试==========
2020-08-04 23:54:37,056-INFO-user_log.py-homoo-日志信息:/*开始->ID:4,标题:密码错误登录*/
2020-08-04 23:54:37,253-INFO-user_log.py-homoo-日志信息:/*结束->ID:4,标题:密码错误登录*/
2020-08-04 23:54:37,529-INFO-user_log.py-homoo-日志信息:==========测试结束==========
2020-08-04 23:54:37,532-INFO-user_log.py-homoo-日志信息:==========开始测试==========
2020-08-04 23:54:37,535-INFO-user_log.py-homoo-日志信息:/*开始->ID:5,标题:用户名不存在登录*/
2020-08-04 23:54:37,712-INFO-user_log.py-homoo-日志信息:/*结束->ID:5,标题:用户名不存在登录*/
2020-08-04 23:54:37,998-INFO-user_log.py-homoo-日志信息:==========测试结束==========
2020-08-04 23:58:51,924-INFO-user_log.py-homoo-日志信息:==========开始测试==========
2020-08-04 23:58:51,932-INFO-user_log.py-homoo-日志信息:/*开始->ID:1,标题:正常登录*/
2020-08-04 23:58:52,157-INFO-user_log.py-homoo-日志信息:/*结束->ID:1,标题:正常登录*/
2020-08-04 23:58:52,460-INFO-user_log.py-homoo-日志信息:==========测试结束==========
2020-08-04 23:58:52,464-INFO-user_log.py-homoo-日志信息:==========开始测试==========
2020-08-04 23:58:52,468-INFO-user_log.py-homoo-日志信息:/*开始->ID:2,标题:正常创建*/
2020-08-04 23:58:52,582-INFO-user_log.py-homoo-日志信息:/*结束->ID:2,标题:正常创建*/
2020-08-04 23:58:52,585-INFO-user_log.py-homoo-日志信息:==========测试结束==========
2020-08-04 23:58:52,602-INFO-user_log.py-homoo-日志信息:==========开始测试==========
2020-08-04 23:58:52,606-INFO-user_log.py-homoo-日志信息:/*开始->ID:3,标题:重复创建*/
2020-08-04 23:58:52,804-INFO-user_log.py-homoo-日志信息:/*结束->ID:3,标题:重复创建*/
2020-08-04 23:58:52,807-INFO-user_log.py-homoo-日志信息:==========测试结束==========
2020-08-04 23:58:52,814-INFO-user_log.py-homoo-日志信息:==========开始测试==========
2020-08-04 23:58:52,816-INFO-user_log.py-homoo-日志信息:/*开始->ID:4,标题:data为空创建*/
2020-08-04 23:58:52,848-INFO-user_log.py-homoo-日志信息:/*结束->ID:4,标题:data为空创建*/
2020-08-04 23:58:53,135-INFO-user_log.py-homoo-日志信息:==========测试结束==========
2020-08-04 23:58:53,138-INFO-user_log.py-homoo-日志信息:==========开始测试==========
2020-08-04 23:58:53,142-INFO-user_log.py-homoo-日志信息:/*开始->ID:5,标题:action为空创建*/
2020-08-04 23:58:53,155-INFO-user_log.py-homoo-日志信息:/*结束->ID:5,标题:action为空创建*/
2020-08-04 23:58:53,450-INFO-user_log.py-homoo-日志信息:==========测试结束==========
2020-08-04 23:59:31,862-INFO-user_log.py-homoo-日志信息:==========开始测试==========
2020-08-04 23:59:31,879-INFO-user_log.py-homoo-日志信息:/*开始->ID:1,标题:正常登录*/
2020-08-04 23:59:32,107-INFO-user_log.py-homoo-日志信息:/*结束->ID:1,标题:正常登录*/
2020-08-04 23:59:51,144-INFO-user_log.py-homoo-日志信息:==========测试结束==========
2020-08-04 23:59:55,803-INFO-user_log.py-homoo-日志信息:==========开始测试==========
2020-08-05 00:00:05,127-INFO-user_log.py-homoo-日志信息:/*开始->ID:2,标题:正常创建*/
2020-08-05 00:00:51,785-INFO-user_log.py-homoo-日志信息:==========开始测试==========
2020-08-05 00:00:51,812-INFO-user_log.py-homoo-日志信息:/*开始->ID:1,标题:正常登录*/
2020-08-05 00:00:52,059-INFO-user_log.py-homoo-日志信息:/*结束->ID:1,标题:正常登录*/
2020-08-05 00:01:13,906-INFO-user_log.py-homoo-日志信息:==========测试结束==========
2020-08-05 00:01:46,311-INFO-user_log.py-homoo-日志信息:==========开始测试==========
2020-08-05 00:02:02,942-INFO-user_log.py-homoo-日志信息:/*开始->ID:2,标题:正常创建*/
2020-08-05 00:03:30,315-INFO-user_log.py-homoo-日志信息:/*结束->ID:2,标题:正常创建*/
2020-08-05 00:03:44,364-INFO-user_log.py-homoo-日志信息:==========测试结束==========
2020-08-05 00:04:11,002-INFO-user_log.py-homoo-日志信息:==========开始测试==========
2020-08-05 00:04:11,010-INFO-user_log.py-homoo-日志信息:/*开始->ID:3,标题:重复创建*/
2020-08-05 00:04:11,191-INFO-user_log.py-homoo-日志信息:/*结束->ID:3,标题:重复创建*/
2020-08-05 00:04:11,198-INFO-user_log.py-homoo-日志信息:==========测试结束==========
2020-08-05 00:04:11,218-INFO-user_log.py-homoo-日志信息:==========开始测试==========
2020-08-05 00:04:11,226-INFO-user_log.py-homoo-日志信息:/*开始->ID:4,标题:data为空创建*/
2020-08-05 00:04:11,277-INFO-user_log.py-homoo-日志信息:/*结束->ID:4,标题:data为空创建*/
2020-08-05 00:04:11,953-INFO-user_log.py-homoo-日志信息:==========测试结束==========
2020-08-05 17:26:40,118-INFO-user_log.py-homoo-日志信息:==========开始测试==========
2020-08-05 17:26:40,118-INFO-user_log.py-homoo-日志信息:/*开始->ID:1,标题:正常登录*/
2020-08-05 17:26:40,461-INFO-user_log.py-homoo-日志信息:/*结束->ID:1,标题:正常登录*/
2020-08-05 17:26:40,710-INFO-user_log.py-homoo-日志信息:==========测试结束==========
2020-08-05 17:26:40,726-INFO-user_log.py-homoo-日志信息:==========开始测试==========
2020-08-05 17:26:40,726-INFO-user_log.py-homoo-日志信息:/*开始->ID:2,标题:用户名为空登录*/
2020-08-05 17:26:40,913-INFO-user_log.py-homoo-日志信息:/*结束->ID:2,标题:用户名为空登录*/
2020-08-05 17:26:41,178-INFO-user_log.py-homoo-日志信息:==========测试结束==========
2020-08-05 17:26:41,194-INFO-user_log.py-homoo-日志信息:==========开始测试==========
2020-08-05 17:26:41,194-INFO-user_log.py-homoo-日志信息:/*开始->ID:3,标题:密码为空登录*/
2020-08-05 17:26:41,397-INFO-user_log.py-homoo-日志信息:/*结束->ID:3,标题:密码为空登录*/
2020-08-05 17:26:41,678-INFO-user_log.py-homoo-日志信息:==========测试结束==========
2020-08-05 17:26:41,693-INFO-user_log.py-homoo-日志信息:==========开始测试==========
2020-08-05 17:26:41,693-INFO-user_log.py-homoo-日志信息:/*开始->ID:4,标题:密码错误登录*/
2020-08-05 17:26:41,880-INFO-user_log.py-homoo-日志信息:/*结束->ID:4,标题:密码错误登录*/
2020-08-05 17:26:42,177-INFO-user_log.py-homoo-日志信息:==========测试结束==========
2020-08-05 17:26:42,177-INFO-user_log.py-homoo-日志信息:==========开始测试==========
2020-08-05 17:26:42,177-INFO-user_log.py-homoo-日志信息:/*开始->ID:5,标题:用户名不存在登录*/
2020-08-05 17:26:42,364-INFO-user_log.py-homoo-日志信息:/*结束->ID:5,标题:用户名不存在登录*/
2020-08-05 17:26:42,629-INFO-user_log.py-homoo-日志信息:==========测试结束==========
2020-08-05 17:28:27,157-INFO-user_log.py-homoo-日志信息:==========开始测试==========
2020-08-05 17:28:27,157-INFO-user_log.py-homoo-日志信息:/*开始->ID:1,标题:正常登录*/
2020-08-05 17:28:27,360-INFO-user_log.py-homoo-日志信息:/*结束->ID:1,标题:正常登录*/
2020-08-05 17:28:27,625-INFO-user_log.py-homoo-日志信息:==========测试结束==========
2020-08-05 17:28:27,641-INFO-user_log.py-homoo-日志信息:==========开始测试==========
2020-08-05 17:28:27,641-INFO-user_log.py-homoo-日志信息:/*开始->ID:2,标题:用户名为空登录*/
2020-08-05 17:28:27,828-INFO-user_log.py-homoo-日志信息:/*结束->ID:2,标题:用户名为空登录*/
2020-08-05 17:28:28,218-INFO-user_log.py-homoo-日志信息:==========测试结束==========
2020-08-05 17:28:28,249-INFO-user_log.py-homoo-日志信息:==========开始测试==========
2020-08-05 17:28:28,249-INFO-user_log.py-homoo-日志信息:/*开始->ID:3,标题:密码为空登录*/
2020-08-05 17:28:28,421-INFO-user_log.py-homoo-日志信息:/*结束->ID:3,标题:密码为空登录*/
2020-08-05 17:28:28,686-INFO-user_log.py-homoo-日志信息:==========测试结束==========
2020-08-05 17:28:28,702-INFO-user_log.py-homoo-日志信息:==========开始测试==========
2020-08-05 17:28:28,717-INFO-user_log.py-homoo-日志信息:/*开始->ID:4,标题:密码错误登录*/
2020-08-05 17:28:28,889-INFO-user_log.py-homoo-日志信息:/*结束->ID:4,标题:密码错误登录*/
2020-08-05 17:28:29,154-INFO-user_log.py-homoo-日志信息:==========测试结束==========
2020-08-05 17:28:29,170-INFO-user_log.py-homoo-日志信息:==========开始测试==========
2020-08-05 17:28:29,170-INFO-user_log.py-homoo-日志信息:/*开始->ID:5,标题:用户名不存在登录*/
2020-08-05 17:28:29,357-INFO-user_log.py-homoo-日志信息:/*结束->ID:5,标题:用户名不存在登录*/
2020-08-05 17:28:29,622-INFO-user_log.py-homoo-日志信息:==========测试结束==========
2020-08-05 17:34:16,754-INFO-user_log.py-homoo-日志信息:==========开始测试==========
2020-08-05 17:34:16,757-INFO-user_log.py-homoo-日志信息:/*开始->ID:1,标题:正常登录*/
2020-08-05 17:34:16,982-INFO-user_log.py-homoo-日志信息:/*结束->ID:1,标题:正常登录*/
2020-08-05 17:34:17,262-INFO-user_log.py-homoo-日志信息:==========测试结束==========
2020-08-05 17:34:17,284-INFO-user_log.py-homoo-日志信息:==========开始测试==========
2020-08-05 17:34:17,286-INFO-user_log.py-homoo-日志信息:/*开始->ID:2,标题:用户名为空登录*/
2020-08-05 17:34:17,460-INFO-user_log.py-homoo-日志信息:/*结束->ID:2,标题:用户名为空登录*/
2020-08-05 17:34:17,715-INFO-user_log.py-homoo-日志信息:==========测试结束==========
2020-08-05 17:34:17,737-INFO-user_log.py-homoo-日志信息:==========开始测试==========
2020-08-05 17:34:17,739-INFO-user_log.py-homoo-日志信息:/*开始->ID:3,标题:密码为空登录*/
2020-08-05 17:34:17,915-INFO-user_log.py-homoo-日志信息:/*结束->ID:3,标题:密码为空登录*/
2020-08-05 17:34:18,173-INFO-user_log.py-homoo-日志信息:==========测试结束==========
2020-08-05 17:34:18,196-INFO-user_log.py-homoo-日志信息:==========开始测试==========
2020-08-05 17:34:18,198-INFO-user_log.py-homoo-日志信息:/*开始->ID:4,标题:密码错误登录*/
2020-08-05 17:34:18,378-INFO-user_log.py-homoo-日志信息:/*结束->ID:4,标题:密码错误登录*/
2020-08-05 17:34:18,669-INFO-user_log.py-homoo-日志信息:==========测试结束==========
2020-08-05 17:34:18,691-INFO-user_log.py-homoo-日志信息:==========开始测试==========
2020-08-05 17:34:18,694-INFO-user_log.py-homoo-日志信息:/*开始->ID:5,标题:用户名不存在登录*/
2020-08-05 17:34:18,869-INFO-user_log.py-homoo-日志信息:/*结束->ID:5,标题:用户名不存在登录*/
2020-08-05 17:34:19,127-INFO-user_log.py-homoo-日志信息:==========测试结束==========
2020-08-05 17:41:45,018-INFO-user_log.py-homoo-日志信息:==========开始测试==========
2020-08-05 17:41:45,021-INFO-user_log.py-homoo-日志信息:/*开始->ID:1,标题:正常登录*/
2020-08-05 17:41:45,310-INFO-user_log.py-homoo-日志信息:/*结束->ID:1,标题:正常登录*/
2020-08-05 17:41:45,658-INFO-user_log.py-homoo-日志信息:==========测试结束==========
2020-08-05 17:41:45,686-INFO-user_log.py-homoo-日志信息:==========开始测试==========
2020-08-05 17:41:45,689-INFO-user_log.py-homoo-日志信息:/*开始->ID:2,标题:用户名为空登录*/
2020-08-05 17:41:45,889-INFO-user_log.py-homoo-日志信息:/*结束->ID:2,标题:用户名为空登录*/
2020-08-05 17:41:46,187-INFO-user_log.py-homoo-日志信息:==========测试结束==========
2020-08-05 17:41:46,215-INFO-user_log.py-homoo-日志信息:==========开始测试==========
2020-08-05 17:41:46,218-INFO-user_log.py-homoo-日志信息:/*开始->ID:3,标题:密码为空登录*/
2020-08-05 17:41:46,440-INFO-user_log.py-homoo-日志信息:/*结束->ID:3,标题:密码为空登录*/
2020-08-05 17:41:46,810-INFO-user_log.py-homoo-日志信息:==========测试结束==========
2020-08-05 17:41:46,841-INFO-user_log.py-homoo-日志信息:==========开始测试==========
2020-08-05 17:41:46,844-INFO-user_log.py-homoo-日志信息:/*开始->ID:4,标题:密码错误登录*/
2020-08-05 17:41:47,090-INFO-user_log.py-homoo-日志信息:/*结束->ID:4,标题:密码错误登录*/
2020-08-05 17:41:47,421-INFO-user_log.py-homoo-日志信息:==========测试结束==========
2020-08-05 17:41:47,448-INFO-user_log.py-homoo-日志信息:==========开始测试==========
2020-08-05 17:41:47,451-INFO-user_log.py-homoo-日志信息:/*开始->ID:5,标题:用户名不存在登录*/
2020-08-05 17:41:47,665-INFO-user_log.py-homoo-日志信息:/*结束->ID:5,标题:用户名不存在登录*/
2020-08-05 17:41:47,967-INFO-user_log.py-homoo-日志信息:==========测试结束==========
2020-08-05 18:00:48,673-INFO-user_log.py-homoo-日志信息:==========开始测试==========
2020-08-05 18:00:48,676-INFO-user_log.py-homoo-日志信息:/*开始->ID:1,标题:正常登录*/
2020-08-05 18:00:48,917-INFO-user_log.py-homoo-日志信息:/*结束->ID:1,标题:正常登录*/
2020-08-05 18:00:49,227-INFO-user_log.py-homoo-日志信息:==========测试结束==========
2020-08-05 18:00:49,256-INFO-user_log.py-homoo-日志信息:==========开始测试==========
2020-08-05 18:00:49,258-INFO-user_log.py-homoo-日志信息:/*开始->ID:2,标题:用户名为空登录*/
2020-08-05 18:00:49,456-INFO-user_log.py-homoo-日志信息:/*结束->ID:2,标题:用户名为空登录*/
2020-08-05 18:00:49,789-INFO-user_log.py-homoo-日志信息:==========测试结束==========
2020-08-05 18:00:49,824-INFO-user_log.py-homoo-日志信息:==========开始测试==========
2020-08-05 18:00:49,835-INFO-user_log.py-homoo-日志信息:/*开始->ID:3,标题:密码为空登录*/
2020-08-05 18:00:50,061-INFO-user_log.py-homoo-日志信息:/*结束->ID:3,标题:密码为空登录*/
2020-08-05 18:00:50,422-INFO-user_log.py-homoo-日志信息:==========测试结束==========
2020-08-05 18:00:50,456-INFO-user_log.py-homoo-日志信息:==========开始测试==========
2020-08-05 18:00:50,459-INFO-user_log.py-homoo-日志信息:/*开始->ID:4,标题:密码错误登录*/
2020-08-05 18:00:50,652-INFO-user_log.py-homoo-日志信息:/*结束->ID:4,标题:密码错误登录*/
2020-08-05 18:00:50,951-INFO-user_log.py-homoo-日志信息:==========测试结束==========
2020-08-05 18:00:50,982-INFO-user_log.py-homoo-日志信息:==========开始测试==========
2020-08-05 18:00:50,985-INFO-user_log.py-homoo-日志信息:/*开始->ID:5,标题:用户名不存在登录*/
2020-08-05 18:00:51,175-INFO-user_log.py-homoo-日志信息:/*结束->ID:5,标题:用户名不存在登录*/
2020-08-05 18:00:51,540-INFO-user_log.py-homoo-日志信息:==========测试结束==========
2020-08-05 18:02:02,539-INFO-user_log.py-homoo-日志信息:==========开始测试==========
2020-08-05 18:02:02,542-INFO-user_log.py-homoo-日志信息:/*开始->ID:1,标题:正常登录*/
2020-08-05 18:02:02,757-INFO-user_log.py-homoo-日志信息:/*结束->ID:1,标题:正常登录*/
2020-08-05 18:02:03,039-INFO-user_log.py-homoo-日志信息:==========测试结束==========
2020-08-05 18:02:03,065-INFO-user_log.py-homoo-日志信息:==========开始测试==========
2020-08-05 18:02:03,068-INFO-user_log.py-homoo-日志信息:/*开始->ID:2,标题:用户名为空登录*/
2020-08-05 18:02:03,285-INFO-user_log.py-homoo-日志信息:/*结束->ID:2,标题:用户名为空登录*/
2020-08-05 18:02:03,565-INFO-user_log.py-homoo-日志信息:==========测试结束==========
2020-08-05 18:02:03,589-INFO-user_log.py-homoo-日志信息:==========开始测试==========
2020-08-05 18:02:03,591-INFO-user_log.py-homoo-日志信息:/*开始->ID:3,标题:密码为空登录*/
2020-08-05 18:02:03,771-INFO-user_log.py-homoo-日志信息:/*结束->ID:3,标题:密码为空登录*/
2020-08-05 18:02:04,038-INFO-user_log.py-homoo-日志信息:==========测试结束==========
2020-08-05 18:02:04,066-INFO-user_log.py-homoo-日志信息:==========开始测试==========
2020-08-05 18:02:04,069-INFO-user_log.py-homoo-日志信息:/*开始->ID:4,标题:密码错误登录*/
2020-08-05 18:02:04,259-INFO-user_log.py-homoo-日志信息:/*结束->ID:4,标题:密码错误登录*/
2020-08-05 18:02:04,536-INFO-user_log.py-homoo-日志信息:==========测试结束==========
2020-08-05 18:02:04,566-INFO-user_log.py-homoo-日志信息:==========开始测试==========
2020-08-05 18:02:04,568-INFO-user_log.py-homoo-日志信息:/*开始->ID:5,标题:用户名不存在登录*/
2020-08-05 18:02:04,771-INFO-user_log.py-homoo-日志信息:/*结束->ID:5,标题:用户名不存在登录*/
2020-08-05 18:02:05,047-INFO-user_log.py-homoo-日志信息:==========测试结束==========
2020-08-05 20:54:31,147-INFO-user_log.py-homoo-日志信息:==========开始测试==========
2020-08-05 20:54:31,150-INFO-user_log.py-homoo-日志信息:/*开始->ID:1,标题:正常登录*/
2020-08-05 20:54:31,427-INFO-user_log.py-homoo-日志信息:/*结束->ID:1,标题:正常登录*/
2020-08-05 20:54:31,730-INFO-user_log.py-homoo-日志信息:==========测试结束==========
2020-08-05 20:54:31,744-INFO-user_log.py-homoo-日志信息:==========开始测试==========
2020-08-05 20:54:31,746-INFO-user_log.py-homoo-日志信息:/*开始->ID:2,标题:用户名为空登录*/
2020-08-05 20:54:31,947-INFO-user_log.py-homoo-日志信息:/*结束->ID:2,标题:用户名为空登录*/
2020-08-05 20:54:32,206-INFO-user_log.py-homoo-日志信息:==========测试结束==========
2020-08-05 20:54:32,215-INFO-user_log.py-homoo-日志信息:==========开始测试==========
2020-08-05 20:54:32,217-INFO-user_log.py-homoo-日志信息:/*开始->ID:3,标题:密码为空登录*/
2020-08-05 20:54:32,402-INFO-user_log.py-homoo-日志信息:/*结束->ID:3,标题:密码为空登录*/
2020-08-05 20:54:32,680-INFO-user_log.py-homoo-日志信息:==========测试结束==========
2020-08-05 20:54:32,689-INFO-user_log.py-homoo-日志信息:==========开始测试==========
2020-08-05 20:54:32,691-INFO-user_log.py-homoo-日志信息:/*开始->ID:4,标题:密码错误登录*/
2020-08-05 20:54:32,881-INFO-user_log.py-homoo-日志信息:/*结束->ID:4,标题:密码错误登录*/
2020-08-05 20:54:33,180-INFO-user_log.py-homoo-日志信息:==========测试结束==========
2020-08-05 20:54:33,190-INFO-user_log.py-homoo-日志信息:==========开始测试==========
2020-08-05 20:54:33,193-INFO-user_log.py-homoo-日志信息:/*开始->ID:5,标题:用户名不存在登录*/
2020-08-05 20:54:33,373-INFO-user_log.py-homoo-日志信息:/*结束->ID:5,标题:用户名不存在登录*/
2020-08-05 20:54:33,642-INFO-user_log.py-homoo-日志信息:==========测试结束==========
2020-08-05 20:55:37,782-INFO-user_log.py-homoo-日志信息:/*开始->ID:1,标题:正常登录*/
2020-08-05 20:55:38,003-INFO-user_log.py-homoo-日志信息:/*结束->ID:1,标题:正常登录*/
2020-08-05 20:55:38,278-INFO-user_log.py-homoo-日志信息:/*开始->ID:2,标题:用户名为空登录*/
2020-08-05 20:55:38,455-INFO-user_log.py-homoo-日志信息:/*结束->ID:2,标题:用户名为空登录*/
2020-08-05 20:55:38,745-INFO-user_log.py-homoo-日志信息:/*开始->ID:3,标题:密码为空登录*/
2020-08-05 20:55:38,930-INFO-user_log.py-homoo-日志信息:/*结束->ID:3,标题:密码为空登录*/
2020-08-05 20:55:39,224-INFO-user_log.py-homoo-日志信息:/*开始->ID:4,标题:密码错误登录*/
2020-08-05 20:55:39,428-INFO-user_log.py-homoo-日志信息:/*结束->ID:4,标题:密码错误登录*/
2020-08-05 20:55:39,715-INFO-user_log.py-homoo-日志信息:/*开始->ID:5,标题:用户名不存在登录*/
2020-08-05 20:55:39,898-INFO-user_log.py-homoo-日志信息:/*结束->ID:5,标题:用户名不存在登录*/
2020-08-05 20:55:54,703-INFO-user_log.py-homoo-日志信息:/*开始->ID:1,标题:正常登录*/
2020-08-05 20:55:54,912-INFO-user_log.py-homoo-日志信息:/*结束->ID:1,标题:正常登录*/
2020-08-05 20:55:55,223-INFO-user_log.py-homoo-日志信息:/*开始->ID:2,标题:用户名为空登录*/
2020-08-05 20:55:55,432-INFO-user_log.py-homoo-日志信息:/*结束->ID:2,标题:用户名为空登录*/
2020-08-05 20:55:55,728-INFO-user_log.py-homoo-日志信息:/*开始->ID:3,标题:密码为空登录*/
2020-08-05 20:55:55,909-INFO-user_log.py-homoo-日志信息:/*结束->ID:3,标题:密码为空登录*/
2020-08-05 20:55:56,218-INFO-user_log.py-homoo-日志信息:/*开始->ID:4,标题:密码错误登录*/
2020-08-05 20:55:56,405-INFO-user_log.py-homoo-日志信息:/*结束->ID:4,标题:密码错误登录*/
2020-08-05 20:55:56,709-INFO-user_log.py-homoo-日志信息:/*开始->ID:5,标题:用户名不存在登录*/
2020-08-05 20:55:56,896-INFO-user_log.py-homoo-日志信息:/*结束->ID:5,标题:用户名不存在登录*/
2020-08-05 21:07:09,166-INFO-user_log.py-homoo-日志信息:/*开始->ID:1,标题:正常登录*/
2020-08-05 21:07:09,398-INFO-user_log.py-homoo-日志信息:/*结束->ID:1,标题:正常登录*/
2020-08-05 21:07:09,729-INFO-user_log.py-homoo-日志信息:/*开始->ID:2,标题:用户名为空登录*/
2020-08-05 21:07:09,918-INFO-user_log.py-homoo-日志信息:/*结束->ID:2,标题:用户名为空登录*/
2020-08-05 21:07:10,219-INFO-user_log.py-homoo-日志信息:/*开始->ID:3,标题:密码为空登录*/
2020-08-05 21:07:10,399-INFO-user_log.py-homoo-日志信息:/*结束->ID:3,标题:密码为空登录*/
2020-08-05 21:07:10,696-INFO-user_log.py-homoo-日志信息:/*开始->ID:4,标题:密码错误登录*/
2020-08-05 21:07:10,876-INFO-user_log.py-homoo-日志信息:/*结束->ID:4,标题:密码错误登录*/
2020-08-05 21:07:11,212-INFO-user_log.py-homoo-日志信息:/*开始->ID:5,标题:用户名不存在登录*/
2020-08-05 21:07:11,397-INFO-user_log.py-homoo-日志信息:/*结束->ID:5,标题:用户名不存在登录*/
2020-08-05 21:07:11,689-INFO-user_log.py-homoo-日志信息:/*开始->ID:1,标题:正常登录*/
2020-08-05 21:07:11,905-INFO-user_log.py-homoo-日志信息:/*结束->ID:1,标题:正常登录*/
2020-08-05 21:07:12,756-INFO-user_log.py-homoo-日志信息:/*开始->ID:2,标题:正常创建*/
2020-08-05 21:07:12,999-INFO-user_log.py-homoo-日志信息:/*结束->ID:2,标题:正常创建*/
2020-08-05 21:07:13,132-INFO-user_log.py-homoo-日志信息:/*开始->ID:3,标题:重复创建*/
2020-08-05 21:07:13,227-INFO-user_log.py-homoo-日志信息:/*结束->ID:3,标题:重复创建*/
2020-08-05 21:07:13,346-INFO-user_log.py-homoo-日志信息:/*开始->ID:4,标题:data为空创建*/
2020-08-05 21:07:13,358-INFO-user_log.py-homoo-日志信息:/*结束->ID:4,标题:data为空创建*/
2020-08-05 21:07:13,704-INFO-user_log.py-homoo-日志信息:/*开始->ID:5,标题:action为空创建*/
2020-08-05 21:07:13,716-INFO-user_log.py-homoo-日志信息:/*结束->ID:5,标题:action为空创建*/
2020-08-05 21:13:17,886-INFO-user_log.py-homoo-日志信息:==========开始测试==========
2020-08-05 21:13:17,898-INFO-user_log.py-homoo-日志信息:/*开始->ID:1,标题:正常登录*/
2020-08-05 21:13:18,121-INFO-user_log.py-homoo-日志信息:/*结束->ID:1,标题:正常登录*/
2020-08-05 21:13:18,413-INFO-user_log.py-homoo-日志信息:==========测试结束==========
2020-08-05 21:13:18,417-INFO-user_log.py-homoo-日志信息:==========开始测试==========
2020-08-05 21:13:18,424-INFO-user_log.py-homoo-日志信息:/*开始->ID:2,标题:正常创建*/
2020-08-05 21:13:18,455-INFO-user_log.py-homoo-日志信息:/*结束->ID:2,标题:正常创建*/
2020-08-05 21:13:18,777-INFO-user_log.py-homoo-日志信息:==========测试结束==========
2020-08-05 21:13:18,781-INFO-user_log.py-homoo-日志信息:==========开始测试==========
2020-08-05 21:13:18,785-INFO-user_log.py-homoo-日志信息:/*开始->ID:3,标题:重复创建*/
2020-08-05 21:13:18,813-INFO-user_log.py-homoo-日志信息:/*结束->ID:3,标题:重复创建*/
2020-08-05 21:13:19,145-INFO-user_log.py-homoo-日志信息:==========测试结束==========
2020-08-05 21:13:19,148-INFO-user_log.py-homoo-日志信息:==========开始测试==========
2020-08-05 21:13:19,152-INFO-user_log.py-homoo-日志信息:/*开始->ID:4,标题:data的name为空创建*/
2020-08-05 21:13:19,167-INFO-user_log.py-homoo-日志信息:/*结束->ID:4,标题:data的name为空创建*/
2020-08-05 21:13:19,490-INFO-user_log.py-homoo-日志信息:==========测试结束==========
2020-08-05 21:13:19,494-INFO-user_log.py-homoo-日志信息:==========开始测试==========
2020-08-05 21:13:19,498-INFO-user_log.py-homoo-日志信息:/*开始->ID:5,标题:action为空创建*/
2020-08-05 21:13:19,523-INFO-user_log.py-homoo-日志信息:/*结束->ID:5,标题:action为空创建*/
2020-08-05 21:13:19,825-INFO-user_log.py-homoo-日志信息:==========测试结束==========
2020-08-05 21:14:13,971-INFO-user_log.py-homoo-日志信息:==========开始测试==========
2020-08-05 21:14:13,982-INFO-user_log.py-homoo-日志信息:/*开始->ID:1,标题:正常登录*/
2020-08-05 21:14:14,207-INFO-user_log.py-homoo-日志信息:/*结束->ID:1,标题:正常登录*/
2020-08-05 21:14:14,496-INFO-user_log.py-homoo-日志信息:==========测试结束==========
2020-08-05 21:14:14,499-INFO-user_log.py-homoo-日志信息:==========开始测试==========
2020-08-05 21:14:14,502-INFO-user_log.py-homoo-日志信息:/*开始->ID:2,标题:正常创建*/
2020-08-05 21:14:14,522-INFO-user_log.py-homoo-日志信息:/*结束->ID:2,标题:正常创建*/
2020-08-05 21:14:14,813-INFO-user_log.py-homoo-日志信息:==========测试结束==========
2020-08-05 21:14:14,823-INFO-user_log.py-homoo-日志信息:==========开始测试==========
2020-08-05 21:14:14,826-INFO-user_log.py-homoo-日志信息:/*开始->ID:3,标题:重复创建*/
2020-08-05 21:14:14,850-INFO-user_log.py-homoo-日志信息:/*结束->ID:3,标题:重复创建*/
2020-08-05 21:14:15,159-INFO-user_log.py-homoo-日志信息:==========测试结束==========
2020-08-05 21:14:15,162-INFO-user_log.py-homoo-日志信息:==========开始测试==========
2020-08-05 21:14:15,165-INFO-user_log.py-homoo-日志信息:/*开始->ID:4,标题:data的name为空创建*/
2020-08-05 21:14:15,176-INFO-user_log.py-homoo-日志信息:/*结束->ID:4,标题:data的name为空创建*/
2020-08-05 21:14:15,484-INFO-user_log.py-homoo-日志信息:==========测试结束==========
2020-08-05 21:14:15,488-INFO-user_log.py-homoo-日志信息:==========开始测试==========
2020-08-05 21:14:15,490-INFO-user_log.py-homoo-日志信息:/*开始->ID:5,标题:action为空创建*/
2020-08-05 21:14:15,503-INFO-user_log.py-homoo-日志信息:/*结束->ID:5,标题:action为空创建*/
2020-08-05 21:14:15,815-INFO-user_log.py-homoo-日志信息:==========测试结束==========
2020-08-05 21:15:57,798-INFO-user_log.py-homoo-日志信息:==========开始测试==========
2020-08-05 21:15:57,806-INFO-user_log.py-homoo-日志信息:/*开始->ID:1,标题:正常登录*/
2020-08-05 21:15:58,017-INFO-user_log.py-homoo-日志信息:/*结束->ID:1,标题:正常登录*/
2020-08-05 21:15:58,315-INFO-user_log.py-homoo-日志信息:==========测试结束==========
2020-08-05 21:15:58,319-INFO-user_log.py-homoo-日志信息:==========开始测试==========
2020-08-05 21:15:58,322-INFO-user_log.py-homoo-日志信息:/*开始->ID:2,标题:正常创建*/
2020-08-05 21:15:58,344-INFO-user_log.py-homoo-日志信息:/*结束->ID:2,标题:正常创建*/
2020-08-05 21:15:58,632-INFO-user_log.py-homoo-日志信息:==========测试结束==========
2020-08-05 21:15:58,636-INFO-user_log.py-homoo-日志信息:==========开始测试==========
2020-08-05 21:15:58,639-INFO-user_log.py-homoo-日志信息:/*开始->ID:3,标题:重复创建*/
2020-08-05 21:15:58,658-INFO-user_log.py-homoo-日志信息:/*结束->ID:3,标题:重复创建*/
2020-08-05 21:15:58,939-INFO-user_log.py-homoo-日志信息:==========测试结束==========
2020-08-05 21:15:58,953-INFO-user_log.py-homoo-日志信息:==========开始测试==========
2020-08-05 21:15:58,956-INFO-user_log.py-homoo-日志信息:/*开始->ID:4,标题:data的name为空创建*/
2020-08-05 21:15:58,971-INFO-user_log.py-homoo-日志信息:/*结束->ID:4,标题:data的name为空创建*/
2020-08-05 21:15:59,292-INFO-user_log.py-homoo-日志信息:==========测试结束==========
2020-08-05 21:15:59,295-INFO-user_log.py-homoo-日志信息:==========开始测试==========
2020-08-05 21:15:59,298-INFO-user_log.py-homoo-日志信息:/*开始->ID:5,标题:action为空创建*/
2020-08-05 21:15:59,310-INFO-user_log.py-homoo-日志信息:/*结束->ID:5,标题:action为空创建*/
2020-08-05 21:15:59,589-INFO-user_log.py-homoo-日志信息:==========测试结束==========
2020-08-05 21:17:35,261-INFO-user_log.py-homoo-日志信息:==========开始测试==========
2020-08-05 21:17:35,272-INFO-user_log.py-homoo-日志信息:/*开始->ID:1,标题:正常登录*/
2020-08-05 21:17:35,505-INFO-user_log.py-homoo-日志信息:/*结束->ID:1,标题:正常登录*/
2020-08-05 21:17:35,784-INFO-user_log.py-homoo-日志信息:==========测试结束==========
2020-08-05 21:17:35,787-INFO-user_log.py-homoo-日志信息:==========开始测试==========
2020-08-05 21:17:35,789-INFO-user_log.py-homoo-日志信息:/*开始->ID:2,标题:正常创建*/
2020-08-05 21:17:35,814-INFO-user_log.py-homoo-日志信息:/*结束->ID:2,标题:正常创建*/
2020-08-05 21:17:36,098-INFO-user_log.py-homoo-日志信息:==========测试结束==========
2020-08-05 21:17:36,102-INFO-user_log.py-homoo-日志信息:==========开始测试==========
2020-08-05 21:17:36,105-INFO-user_log.py-homoo-日志信息:/*开始->ID:3,标题:重复创建*/
2020-08-05 21:17:36,117-INFO-user_log.py-homoo-日志信息:/*结束->ID:3,标题:重复创建*/
2020-08-05 21:17:36,387-INFO-user_log.py-homoo-日志信息:==========测试结束==========
2020-08-05 21:17:36,387-INFO-user_log.py-homoo-日志信息:==========开始测试==========
2020-08-05 21:17:36,387-INFO-user_log.py-homoo-日志信息:/*开始->ID:4,标题:data的name为空创建*/
2020-08-05 21:17:36,397-INFO-user_log.py-homoo-日志信息:/*结束->ID:4,标题:data的name为空创建*/
2020-08-05 21:17:36,737-INFO-user_log.py-homoo-日志信息:==========测试结束==========
2020-08-05 21:17:36,742-INFO-user_log.py-homoo-日志信息:==========开始测试==========
2020-08-05 21:17:36,745-INFO-user_log.py-homoo-日志信息:/*开始->ID:5,标题:action为空创建*/
2020-08-05 21:17:36,763-INFO-user_log.py-homoo-日志信息:/*结束->ID:5,标题:action为空创建*/
2020-08-05 21:17:37,111-INFO-user_log.py-homoo-日志信息:==========测试结束==========
2020-08-05 21:17:45,390-INFO-user_log.py-homoo-日志信息:==========开始测试==========
2020-08-05 21:17:45,398-INFO-user_log.py-homoo-日志信息:/*开始->ID:1,标题:正常登录*/
2020-08-05 21:17:45,644-INFO-user_log.py-homoo-日志信息:/*结束->ID:1,标题:正常登录*/
2020-08-05 21:17:45,939-INFO-user_log.py-homoo-日志信息:==========测试结束==========
2020-08-05 21:17:45,943-INFO-user_log.py-homoo-日志信息:==========开始测试==========
2020-08-05 21:17:45,945-INFO-user_log.py-homoo-日志信息:/*开始->ID:2,标题:正常创建*/
2020-08-05 21:17:45,965-INFO-user_log.py-homoo-日志信息:/*结束->ID:2,标题:正常创建*/
2020-08-05 21:17:46,239-INFO-user_log.py-homoo-日志信息:==========测试结束==========
2020-08-05 21:17:46,243-INFO-user_log.py-homoo-日志信息:==========开始测试==========
2020-08-05 21:17:46,246-INFO-user_log.py-homoo-日志信息:/*开始->ID:3,标题:重复创建*/
2020-08-05 21:17:46,265-INFO-user_log.py-homoo-日志信息:/*结束->ID:3,标题:重复创建*/
2020-08-05 21:17:46,537-INFO-user_log.py-homoo-日志信息:==========测试结束==========
2020-08-05 21:17:46,540-INFO-user_log.py-homoo-日志信息:==========开始测试==========
2020-08-05 21:17:46,542-INFO-user_log.py-homoo-日志信息:/*开始->ID:4,标题:data的name为空创建*/
2020-08-05 21:17:46,555-INFO-user_log.py-homoo-日志信息:/*结束->ID:4,标题:data的name为空创建*/
2020-08-05 21:17:46,842-INFO-user_log.py-homoo-日志信息:==========测试结束==========
2020-08-05 21:17:46,846-INFO-user_log.py-homoo-日志信息:==========开始测试==========
2020-08-05 21:17:46,855-INFO-user_log.py-homoo-日志信息:/*开始->ID:5,标题:action为空创建*/
2020-08-05 21:17:46,867-INFO-user_log.py-homoo-日志信息:/*结束->ID:5,标题:action为空创建*/
2020-08-05 21:17:47,213-INFO-user_log.py-homoo-日志信息:==========测试结束==========
2020-08-05 21:19:14,380-INFO-user_log.py-homoo-日志信息:/*开始->ID:1,标题:正常登录*/
2020-08-05 21:19:14,584-INFO-user_log.py-homoo-日志信息:/*结束->ID:1,标题:正常登录*/
2020-08-05 21:19:14,894-INFO-user_log.py-homoo-日志信息:/*开始->ID:2,标题:用户名为空登录*/
2020-08-05 21:19:15,080-INFO-user_log.py-homoo-日志信息:/*结束->ID:2,标题:用户名为空登录*/
2020-08-05 21:19:15,420-INFO-user_log.py-homoo-日志信息:/*开始->ID:3,标题:密码为空登录*/
2020-08-05 21:19:15,612-INFO-user_log.py-homoo-日志信息:/*结束->ID:3,标题:密码为空登录*/
2020-08-05 21:19:15,940-INFO-user_log.py-homoo-日志信息:/*开始->ID:4,标题:密码错误登录*/
2020-08-05 21:19:16,127-INFO-user_log.py-homoo-日志信息:/*结束->ID:4,标题:密码错误登录*/
2020-08-05 21:19:16,432-INFO-user_log.py-homoo-日志信息:/*开始->ID:5,标题:用户名不存在登录*/
2020-08-05 21:19:16,612-INFO-user_log.py-homoo-日志信息:/*结束->ID:5,标题:用户名不存在登录*/
2020-08-05 21:19:16,937-INFO-user_log.py-homoo-日志信息:/*开始->ID:1,标题:正常登录*/
2020-08-05 21:19:17,140-INFO-user_log.py-homoo-日志信息:/*结束->ID:1,标题:正常登录*/
2020-08-05 21:19:17,485-INFO-user_log.py-homoo-日志信息:/*开始->ID:2,标题:正常创建*/
2020-08-05 21:19:17,504-INFO-user_log.py-homoo-日志信息:/*结束->ID:2,标题:正常创建*/
2020-08-05 21:19:17,832-INFO-user_log.py-homoo-日志信息:/*开始->ID:3,标题:重复创建*/
2020-08-05 21:19:17,844-INFO-user_log.py-homoo-日志信息:/*结束->ID:3,标题:重复创建*/
2020-08-05 21:19:18,173-INFO-user_log.py-homoo-日志信息:/*开始->ID:4,标题:data的name为空创建*/
2020-08-05 21:19:18,185-INFO-user_log.py-homoo-日志信息:/*结束->ID:4,标题:data的name为空创建*/
2020-08-05 21:19:18,530-INFO-user_log.py-homoo-日志信息:/*开始->ID:5,标题:action为空创建*/
2020-08-05 21:19:18,542-INFO-user_log.py-homoo-日志信息:/*结束->ID:5,标题:action为空创建*/
2020-08-05 22:13:54,652-INFO-user_log.py-homoo-日志信息:/*开始->ID:1,标题:正常登录*/
2020-08-05 22:13:54,954-INFO-user_log.py-homoo-日志信息:/*结束->ID:1,标题:正常登录*/
2020-08-05 22:13:55,272-INFO-user_log.py-homoo-日志信息:/*开始->ID:2,标题:用户名为空登录*/
2020-08-05 22:13:55,465-INFO-user_log.py-homoo-日志信息:/*结束->ID:2,标题:用户名为空登录*/
2020-08-05 22:13:55,774-INFO-user_log.py-homoo-日志信息:/*开始->ID:3,标题:密码为空登录*/
2020-08-05 22:13:55,972-INFO-user_log.py-homoo-日志信息:/*结束->ID:3,标题:密码为空登录*/
2020-08-05 22:13:56,310-INFO-user_log.py-homoo-日志信息:/*开始->ID:4,标题:密码错误登录*/
2020-08-05 22:13:56,501-INFO-user_log.py-homoo-日志信息:/*结束->ID:4,标题:密码错误登录*/
2020-08-05 22:13:56,815-INFO-user_log.py-homoo-日志信息:/*开始->ID:5,标题:用户名不存在登录*/
2020-08-05 22:13:57,001-INFO-user_log.py-homoo-日志信息:/*结束->ID:5,标题:用户名不存在登录*/
2020-08-05 22:13:57,337-INFO-user_log.py-homoo-日志信息:/*开始->ID:1,标题:正常登录*/
2020-08-05 22:13:57,549-INFO-user_log.py-homoo-日志信息:/*结束->ID:1,标题:正常登录*/
2020-08-05 22:13:57,913-INFO-user_log.py-homoo-日志信息:/*开始->ID:2,标题:正常创建*/
2020-08-05 22:13:57,937-INFO-user_log.py-homoo-日志信息:/*结束->ID:2,标题:正常创建*/
2020-08-05 22:13:58,252-INFO-user_log.py-homoo-日志信息:/*开始->ID:3,标题:重复创建*/
2020-08-05 22:13:58,265-INFO-user_log.py-homoo-日志信息:/*结束->ID:3,标题:重复创建*/
2020-08-05 22:13:58,592-INFO-user_log.py-homoo-日志信息:/*开始->ID:4,标题:data的name为空创建*/
2020-08-05 22:13:58,604-INFO-user_log.py-homoo-日志信息:/*结束->ID:4,标题:data的name为空创建*/
2020-08-05 22:13:58,983-INFO-user_log.py-homoo-日志信息:/*开始->ID:5,标题:action为空创建*/
2020-08-05 22:13:59,039-INFO-user_log.py-homoo-日志信息:/*结束->ID:5,标题:action为空创建*/
2020-08-05 22:14:41,854-INFO-user_log.py-homoo-日志信息:/*开始->ID:1,标题:正常登录*/
2020-08-05 22:14:42,078-INFO-user_log.py-homoo-日志信息:/*结束->ID:1,标题:正常登录*/
2020-08-05 22:14:42,404-INFO-user_log.py-homoo-日志信息:/*开始->ID:2,标题:用户名为空登录*/
2020-08-05 22:14:42,597-INFO-user_log.py-homoo-日志信息:/*结束->ID:2,标题:用户名为空登录*/
2020-08-05 22:14:42,925-INFO-user_log.py-homoo-日志信息:/*开始->ID:3,标题:密码为空登录*/
2020-08-05 22:14:43,111-INFO-user_log.py-homoo-日志信息:/*结束->ID:3,标题:密码为空登录*/
2020-08-05 22:14:43,479-INFO-user_log.py-homoo-日志信息:/*开始->ID:4,标题:密码错误登录*/
2020-08-05 22:14:43,667-INFO-user_log.py-homoo-日志信息:/*结束->ID:4,标题:密码错误登录*/
2020-08-05 22:14:43,993-INFO-user_log.py-homoo-日志信息:/*开始->ID:5,标题:用户名不存在登录*/
2020-08-05 22:14:44,184-INFO-user_log.py-homoo-日志信息:/*结束->ID:5,标题:用户名不存在登录*/
2020-08-05 22:14:44,508-INFO-user_log.py-homoo-日志信息:/*开始->ID:1,标题:正常登录*/
2020-08-05 22:14:44,751-INFO-user_log.py-homoo-日志信息:/*结束->ID:1,标题:正常登录*/
2020-08-05 22:14:45,095-INFO-user_log.py-homoo-日志信息:/*开始->ID:2,标题:正常创建*/
2020-08-05 22:14:45,113-INFO-user_log.py-homoo-日志信息:/*结束->ID:2,标题:正常创建*/
2020-08-05 22:14:45,445-INFO-user_log.py-homoo-日志信息:/*开始->ID:3,标题:重复创建*/
2020-08-05 22:14:45,458-INFO-user_log.py-homoo-日志信息:/*结束->ID:3,标题:重复创建*/
2020-08-05 22:14:45,782-INFO-user_log.py-homoo-日志信息:/*开始->ID:4,标题:data的name为空创建*/
2020-08-05 22:14:45,793-INFO-user_log.py-homoo-日志信息:/*结束->ID:4,标题:data的name为空创建*/
2020-08-05 22:14:46,129-INFO-user_log.py-homoo-日志信息:/*开始->ID:5,标题:action为空创建*/
2020-08-05 22:14:46,146-INFO-user_log.py-homoo-日志信息:/*结束->ID:5,标题:action为空创建*/
2020-08-05 22:27:07,514-INFO-user_log.py-homoo-日志信息:/*开始->ID:1,标题:正常登录*/
2020-08-05 22:27:07,726-INFO-user_log.py-homoo-日志信息:/*结束->ID:1,标题:正常登录*/
2020-08-05 22:27:08,072-INFO-user_log.py-homoo-日志信息:/*开始->ID:2,标题:用户名为空登录*/
2020-08-05 22:27:08,278-INFO-user_log.py-homoo-日志信息:/*结束->ID:2,标题:用户名为空登录*/
2020-08-05 22:27:08,643-INFO-user_log.py-homoo-日志信息:/*开始->ID:3,标题:密码为空登录*/
2020-08-05 22:27:08,831-INFO-user_log.py-homoo-日志信息:/*结束->ID:3,标题:密码为空登录*/
2020-08-05 22:27:09,166-INFO-user_log.py-homoo-日志信息:/*开始->ID:4,标题:密码错误登录*/
2020-08-05 22:27:09,358-INFO-user_log.py-homoo-日志信息:/*结束->ID:4,标题:密码错误登录*/
2020-08-05 22:27:09,697-INFO-user_log.py-homoo-日志信息:/*开始->ID:5,标题:用户名不存在登录*/
2020-08-05 22:27:09,903-INFO-user_log.py-homoo-日志信息:/*结束->ID:5,标题:用户名不存在登录*/
2020-08-05 22:27:10,417-INFO-user_log.py-homoo-日志信息:/*开始->ID:1,标题:正常登录*/
2020-08-05 22:27:10,653-INFO-user_log.py-homoo-日志信息:/*结束->ID:1,标题:正常登录*/
2020-08-05 22:27:10,997-INFO-user_log.py-homoo-日志信息:/*开始->ID:2,标题:正常创建*/
2020-08-05 22:27:11,020-INFO-user_log.py-homoo-日志信息:/*结束->ID:2,标题:正常创建*/
2020-08-05 22:27:11,387-INFO-user_log.py-homoo-日志信息:/*开始->ID:3,标题:重复创建*/
2020-08-05 22:27:11,403-INFO-user_log.py-homoo-日志信息:/*结束->ID:3,标题:重复创建*/
2020-08-05 22:27:11,760-INFO-user_log.py-homoo-日志信息:/*开始->ID:4,标题:data的name为空创建*/
2020-08-05 22:27:11,771-INFO-user_log.py-homoo-日志信息:/*结束->ID:4,标题:data的name为空创建*/
2020-08-05 22:27:12,118-INFO-user_log.py-homoo-日志信息:/*开始->ID:5,标题:action为空创建*/
2020-08-05 22:27:12,130-INFO-user_log.py-homoo-日志信息:/*结束->ID:5,标题:action为空创建*/
2020-08-05 22:31:07,426-INFO-user_log.py-homoo-日志信息:/*开始->ID:1,标题:正常登录*/
2020-08-05 22:31:07,659-INFO-user_log.py-homoo-日志信息:/*结束->ID:1,标题:正常登录*/
2020-08-05 22:31:08,018-INFO-user_log.py-homoo-日志信息:/*开始->ID:2,标题:用户名为空登录*/
2020-08-05 22:31:08,283-INFO-user_log.py-homoo-日志信息:/*结束->ID:2,标题:用户名为空登录*/
2020-08-05 22:31:08,681-INFO-user_log.py-homoo-日志信息:/*开始->ID:3,标题:密码为空登录*/
2020-08-05 22:31:08,878-INFO-user_log.py-homoo-日志信息:/*结束->ID:3,标题:密码为空登录*/
2020-08-05 22:31:09,207-INFO-user_log.py-homoo-日志信息:/*开始->ID:4,标题:密码错误登录*/
2020-08-05 22:31:09,399-INFO-user_log.py-homoo-日志信息:/*结束->ID:4,标题:密码错误登录*/
2020-08-05 22:31:09,745-INFO-user_log.py-homoo-日志信息:/*开始->ID:5,标题:用户名不存在登录*/
2020-08-05 22:31:09,928-INFO-user_log.py-homoo-日志信息:/*结束->ID:5,标题:用户名不存在登录*/
2020-08-05 22:31:10,288-INFO-user_log.py-homoo-日志信息:/*开始->ID:1,标题:正常登录*/
2020-08-05 22:31:10,512-INFO-user_log.py-homoo-日志信息:/*结束->ID:1,标题:正常登录*/
2020-08-05 22:31:10,822-INFO-user_log.py-homoo-日志信息:/*开始->ID:2,标题:正常创建*/
2020-08-05 22:31:10,848-INFO-user_log.py-homoo-日志信息:/*结束->ID:2,标题:正常创建*/
2020-08-05 22:31:11,174-INFO-user_log.py-homoo-日志信息:/*开始->ID:3,标题:重复创建*/
2020-08-05 22:31:11,186-INFO-user_log.py-homoo-日志信息:/*结束->ID:3,标题:重复创建*/
2020-08-05 22:31:11,503-INFO-user_log.py-homoo-日志信息:/*开始->ID:4,标题:data的name为空创建*/
2020-08-05 22:31:11,514-INFO-user_log.py-homoo-日志信息:/*结束->ID:4,标题:data的name为空创建*/
2020-08-05 22:31:11,964-INFO-user_log.py-homoo-日志信息:/*开始->ID:5,标题:action为空创建*/
2020-08-05 22:31:11,993-INFO-user_log.py-homoo-日志信息:/*结束->ID:5,标题:action为空创建*/
2020-08-05 22:35:08,530-INFO-user_log.py-homoo-日志信息:/*开始->ID:1,标题:正常登录*/
2020-08-05 22:35:08,781-INFO-user_log.py-homoo-日志信息:/*结束->ID:1,标题:正常登录*/
2020-08-05 22:35:09,132-INFO-user_log.py-homoo-日志信息:/*开始->ID:2,标题:用户名为空登录*/
2020-08-05 22:35:09,350-INFO-user_log.py-homoo-日志信息:/*结束->ID:2,标题:用户名为空登录*/
2020-08-05 22:35:09,705-INFO-user_log.py-homoo-日志信息:/*开始->ID:3,标题:密码为空登录*/
2020-08-05 22:35:09,888-INFO-user_log.py-homoo-日志信息:/*结束->ID:3,标题:密码为空登录*/
2020-08-05 22:35:10,219-INFO-user_log.py-homoo-日志信息:/*开始->ID:4,标题:密码错误登录*/
2020-08-05 22:35:10,446-INFO-user_log.py-homoo-日志信息:/*结束->ID:4,标题:密码错误登录*/
2020-08-05 22:35:10,825-INFO-user_log.py-homoo-日志信息:/*开始->ID:5,标题:用户名不存在登录*/
2020-08-05 22:35:11,042-INFO-user_log.py-homoo-日志信息:/*结束->ID:5,标题:用户名不存在登录*/
2020-08-05 22:35:11,666-INFO-user_log.py-homoo-日志信息:/*开始->ID:1,标题:正常登录*/
2020-08-05 22:35:11,896-INFO-user_log.py-homoo-日志信息:/*结束->ID:1,标题:正常登录*/
2020-08-05 22:35:12,248-INFO-user_log.py-homoo-日志信息:/*开始->ID:2,标题:正常创建*/
2020-08-05 22:35:12,269-INFO-user_log.py-homoo-日志信息:/*结束->ID:2,标题:正常创建*/
2020-08-05 22:35:12,571-INFO-user_log.py-homoo-日志信息:/*开始->ID:3,标题:重复创建*/
2020-08-05 22:35:12,584-INFO-user_log.py-homoo-日志信息:/*结束->ID:3,标题:重复创建*/
2020-08-05 22:35:12,946-INFO-user_log.py-homoo-日志信息:/*开始->ID:4,标题:data的name为空创建*/
2020-08-05 22:35:12,966-INFO-user_log.py-homoo-日志信息:/*结束->ID:4,标题:data的name为空创建*/
2020-08-05 22:35:13,316-INFO-user_log.py-homoo-日志信息:/*开始->ID:5,标题:action为空创建*/
2020-08-05 22:35:13,326-INFO-user_log.py-homoo-日志信息:/*结束->ID:5,标题:action为空创建*/
2020-08-05 22:37:08,053-INFO-user_log.py-homoo-日志信息:/*开始->ID:1,标题:正常登录*/
2020-08-05 22:37:08,330-INFO-user_log.py-homoo-日志信息:/*结束->ID:1,标题:正常登录*/
2020-08-05 22:37:08,659-INFO-user_log.py-homoo-日志信息:/*开始->ID:2,标题:用户名为空登录*/
2020-08-05 22:37:08,839-INFO-user_log.py-homoo-日志信息:/*结束->ID:2,标题:用户名为空登录*/
2020-08-05 22:37:09,168-INFO-user_log.py-homoo-日志信息:/*开始->ID:3,标题:密码为空登录*/
2020-08-05 22:37:09,364-INFO-user_log.py-homoo-日志信息:/*结束->ID:3,标题:密码为空登录*/
2020-08-05 22:37:09,677-INFO-user_log.py-homoo-日志信息:/*开始->ID:4,标题:密码错误登录*/
2020-08-05 22:37:09,874-INFO-user_log.py-homoo-日志信息:/*结束->ID:4,标题:密码错误登录*/
2020-08-05 22:37:10,208-INFO-user_log.py-homoo-日志信息:/*开始->ID:5,标题:用户名不存在登录*/
2020-08-05 22:37:10,401-INFO-user_log.py-homoo-日志信息:/*结束->ID:5,标题:用户名不存在登录*/
2020-08-05 22:37:10,704-INFO-user_log.py-homoo-日志信息:/*开始->ID:1,标题:正常登录*/
2020-08-05 22:37:10,903-INFO-user_log.py-homoo-日志信息:/*结束->ID:1,标题:正常登录*/
2020-08-05 22:37:11,245-INFO-user_log.py-homoo-日志信息:/*开始->ID:2,标题:正常创建*/
2020-08-05 22:37:11,265-INFO-user_log.py-homoo-日志信息:/*结束->ID:2,标题:正常创建*/
2020-08-05 22:37:11,584-INFO-user_log.py-homoo-日志信息:/*开始->ID:3,标题:重复创建*/
2020-08-05 22:37:11,600-INFO-user_log.py-homoo-日志信息:/*结束->ID:3,标题:重复创建*/
2020-08-05 22:37:11,912-INFO-user_log.py-homoo-日志信息:/*开始->ID:4,标题:data的name为空创建*/
2020-08-05 22:37:11,922-INFO-user_log.py-homoo-日志信息:/*结束->ID:4,标题:data的name为空创建*/
2020-08-05 22:37:12,262-INFO-user_log.py-homoo-日志信息:/*开始->ID:5,标题:action为空创建*/
2020-08-05 22:37:12,273-INFO-user_log.py-homoo-日志信息:/*结束->ID:5,标题:action为空创建*/
2020-08-05 22:39:07,466-INFO-user_log.py-homoo-日志信息:/*开始->ID:1,标题:正常登录*/
2020-08-05 22:39:07,739-INFO-user_log.py-homoo-日志信息:/*结束->ID:1,标题:正常登录*/
2020-08-05 22:39:08,045-INFO-user_log.py-homoo-日志信息:/*开始->ID:2,标题:用户名为空登录*/
2020-08-05 22:39:08,270-INFO-user_log.py-homoo-日志信息:/*结束->ID:2,标题:用户名为空登录*/
2020-08-05 22:39:08,591-INFO-user_log.py-homoo-日志信息:/*开始->ID:3,标题:密码为空登录*/
2020-08-05 22:39:08,815-INFO-user_log.py-homoo-日志信息:/*结束->ID:3,标题:密码为空登录*/
2020-08-05 22:39:09,200-INFO-user_log.py-homoo-日志信息:/*开始->ID:4,标题:密码错误登录*/
2020-08-05 22:39:09,400-INFO-user_log.py-homoo-日志信息:/*结束->ID:4,标题:密码错误登录*/
2020-08-05 22:39:09,703-INFO-user_log.py-homoo-日志信息:/*开始->ID:5,标题:用户名不存在登录*/
2020-08-05 22:39:09,973-INFO-user_log.py-homoo-日志信息:/*结束->ID:5,标题:用户名不存在登录*/
2020-08-05 22:39:10,401-INFO-user_log.py-homoo-日志信息:/*开始->ID:1,标题:正常登录*/
2020-08-05 22:39:10,643-INFO-user_log.py-homoo-日志信息:/*结束->ID:1,标题:正常登录*/
2020-08-05 22:39:10,972-INFO-user_log.py-homoo-日志信息:/*开始->ID:2,标题:正常创建*/
2020-08-05 22:39:10,993-INFO-user_log.py-homoo-日志信息:/*结束->ID:2,标题:正常创建*/
2020-08-05 22:39:11,331-INFO-user_log.py-homoo-日志信息:/*开始->ID:3,标题:重复创建*/
2020-08-05 22:39:11,344-INFO-user_log.py-homoo-日志信息:/*结束->ID:3,标题:重复创建*/
2020-08-05 22:39:11,683-INFO-user_log.py-homoo-日志信息:/*开始->ID:4,标题:data的name为空创建*/
2020-08-05 22:39:11,696-INFO-user_log.py-homoo-日志信息:/*结束->ID:4,标题:data的name为空创建*/
2020-08-05 22:39:12,080-INFO-user_log.py-homoo-日志信息:/*开始->ID:5,标题:action为空创建*/
2020-08-05 22:39:12,093-INFO-user_log.py-homoo-日志信息:/*结束->ID:5,标题:action为空创建*/
2020-08-05 22:41:07,665-INFO-user_log.py-homoo-日志信息:/*开始->ID:1,标题:正常登录*/
2020-08-05 22:41:07,886-INFO-user_log.py-homoo-日志信息:/*结束->ID:1,标题:正常登录*/
2020-08-05 22:41:08,230-INFO-user_log.py-homoo-日志信息:/*开始->ID:2,标题:用户名为空登录*/
2020-08-05 22:41:08,482-INFO-user_log.py-homoo-日志信息:/*结束->ID:2,标题:用户名为空登录*/
2020-08-05 22:41:08,835-INFO-user_log.py-homoo-日志信息:/*开始->ID:3,标题:密码为空登录*/
2020-08-05 22:41:09,043-INFO-user_log.py-homoo-日志信息:/*结束->ID:3,标题:密码为空登录*/
2020-08-05 22:41:09,366-INFO-user_log.py-homoo-日志信息:/*开始->ID:4,标题:密码错误登录*/
2020-08-05 22:41:09,547-INFO-user_log.py-homoo-日志信息:/*结束->ID:4,标题:密码错误登录*/
2020-08-05 22:41:10,003-INFO-user_log.py-homoo-日志信息:/*开始->ID:5,标题:用户名不存在登录*/
2020-08-05 22:41:10,267-INFO-user_log.py-homoo-日志信息:/*结束->ID:5,标题:用户名不存在登录*/
2020-08-05 22:41:10,623-INFO-user_log.py-homoo-日志信息:/*开始->ID:1,标题:正常登录*/
2020-08-05 22:41:11,075-INFO-user_log.py-homoo-日志信息:/*结束->ID:1,标题:正常登录*/
2020-08-05 22:41:11,448-INFO-user_log.py-homoo-日志信息:/*开始->ID:2,标题:正常创建*/
2020-08-05 22:41:11,473-INFO-user_log.py-homoo-日志信息:/*结束->ID:2,标题:正常创建*/
2020-08-05 22:41:11,842-INFO-user_log.py-homoo-日志信息:/*开始->ID:3,标题:重复创建*/
2020-08-05 22:41:11,857-INFO-user_log.py-homoo-日志信息:/*结束->ID:3,标题:重复创建*/
2020-08-05 22:41:12,164-INFO-user_log.py-homoo-日志信息:/*开始->ID:4,标题:data的name为空创建*/
2020-08-05 22:41:12,179-INFO-user_log.py-homoo-日志信息:/*结束->ID:4,标题:data的name为空创建*/
2020-08-05 22:41:12,523-INFO-user_log.py-homoo-日志信息:/*开始->ID:5,标题:action为空创建*/
2020-08-05 22:41:12,533-INFO-user_log.py-homoo-日志信息:/*结束->ID:5,标题:action为空创建*/
2020-08-05 22:43:07,491-INFO-user_log.py-homoo-日志信息:/*开始->ID:1,标题:正常登录*/
2020-08-05 22:43:07,767-INFO-user_log.py-homoo-日志信息:/*结束->ID:1,标题:正常登录*/
2020-08-05 22:43:08,127-INFO-user_log.py-homoo-日志信息:/*开始->ID:2,标题:用户名为空登录*/
2020-08-05 22:43:08,331-INFO-user_log.py-homoo-日志信息:/*结束->ID:2,标题:用户名为空登录*/
2020-08-05 22:43:08,687-INFO-user_log.py-homoo-日志信息:/*开始->ID:3,标题:密码为空登录*/
2020-08-05 22:43:08,967-INFO-user_log.py-homoo-日志信息:/*结束->ID:3,标题:密码为空登录*/
2020-08-05 22:43:09,405-INFO-user_log.py-homoo-日志信息:/*开始->ID:4,标题:密码错误登录*/
2020-08-05 22:43:09,597-INFO-user_log.py-homoo-日志信息:/*结束->ID:4,标题:密码错误登录*/
2020-08-05 22:43:09,927-INFO-user_log.py-homoo-日志信息:/*开始->ID:5,标题:用户名不存在登录*/
2020-08-05 22:43:10,127-INFO-user_log.py-homoo-日志信息:/*结束->ID:5,标题:用户名不存在登录*/
2020-08-05 22:43:10,432-INFO-user_log.py-homoo-日志信息:/*开始->ID:1,标题:正常登录*/
2020-08-05 22:43:10,679-INFO-user_log.py-homoo-日志信息:/*结束->ID:1,标题:正常登录*/
2020-08-05 22:43:11,047-INFO-user_log.py-homoo-日志信息:/*开始->ID:2,标题:正常创建*/
2020-08-05 22:43:11,071-INFO-user_log.py-homoo-日志信息:/*结束->ID:2,标题:正常创建*/
2020-08-05 22:43:11,404-INFO-user_log.py-homoo-日志信息:/*开始->ID:3,标题:重复创建*/
2020-08-05 22:43:11,422-INFO-user_log.py-homoo-日志信息:/*结束->ID:3,标题:重复创建*/
2020-08-05 22:43:11,725-INFO-user_log.py-homoo-日志信息:/*开始->ID:4,标题:data的name为空创建*/
2020-08-05 22:43:11,736-INFO-user_log.py-homoo-日志信息:/*结束->ID:4,标题:data的name为空创建*/
2020-08-05 22:43:12,071-INFO-user_log.py-homoo-日志信息:/*开始->ID:5,标题:action为空创建*/
2020-08-05 22:43:12,083-INFO-user_log.py-homoo-日志信息:/*结束->ID:5,标题:action为空创建*/
2020-08-05 22:45:06,989-INFO-user_log.py-homoo-日志信息:/*开始->ID:1,标题:正常登录*/
2020-08-05 22:45:07,211-INFO-user_log.py-homoo-日志信息:/*结束->ID:1,标题:正常登录*/
2020-08-05 22:45:07,482-INFO-user_log.py-homoo-日志信息:/*开始->ID:2,标题:用户名为空登录*/
2020-08-05 22:45:07,667-INFO-user_log.py-homoo-日志信息:/*结束->ID:2,标题:用户名为空登录*/
2020-08-05 22:45:07,967-INFO-user_log.py-homoo-日志信息:/*开始->ID:3,标题:密码为空登录*/
2020-08-05 22:45:08,159-INFO-user_log.py-homoo-日志信息:/*结束->ID:3,标题:密码为空登录*/
2020-08-05 22:45:08,418-INFO-user_log.py-homoo-日志信息:/*开始->ID:4,标题:密码错误登录*/
2020-08-05 22:45:08,605-INFO-user_log.py-homoo-日志信息:/*结束->ID:4,标题:密码错误登录*/
2020-08-05 22:45:08,894-INFO-user_log.py-homoo-日志信息:/*开始->ID:5,标题:用户名不存在登录*/
2020-08-05 22:45:09,071-INFO-user_log.py-homoo-日志信息:/*结束->ID:5,标题:用户名不存在登录*/
2020-08-05 22:45:09,359-INFO-user_log.py-homoo-日志信息:/*开始->ID:1,标题:正常登录*/
2020-08-05 22:45:09,575-INFO-user_log.py-homoo-日志信息:/*结束->ID:1,标题:正常登录*/
2020-08-05 22:45:09,835-INFO-user_log.py-homoo-日志信息:/*开始->ID:2,标题:正常创建*/
2020-08-05 22:45:09,853-INFO-user_log.py-homoo-日志信息:/*结束->ID:2,标题:正常创建*/
2020-08-05 22:45:10,121-INFO-user_log.py-homoo-日志信息:/*开始->ID:3,标题:重复创建*/
2020-08-05 22:45:10,133-INFO-user_log.py-homoo-日志信息:/*结束->ID:3,标题:重复创建*/
2020-08-05 22:45:10,398-INFO-user_log.py-homoo-日志信息:/*开始->ID:4,标题:data的name为空创建*/
2020-08-05 22:45:10,409-INFO-user_log.py-homoo-日志信息:/*结束->ID:4,标题:data的name为空创建*/
2020-08-05 22:45:10,705-INFO-user_log.py-homoo-日志信息:/*开始->ID:5,标题:action为空创建*/
2020-08-05 22:45:10,717-INFO-user_log.py-homoo-日志信息:/*结束->ID:5,标题:action为空创建*/
2020-08-05 22:47:11,807-INFO-user_log.py-homoo-日志信息:/*开始->ID:1,标题:正常登录*/
2020-08-05 22:47:12,047-INFO-user_log.py-homoo-日志信息:/*结束->ID:1,标题:正常登录*/
2020-08-05 22:47:12,523-INFO-user_log.py-homoo-日志信息:/*开始->ID:2,标题:用户名为空登录*/
2020-08-05 22:47:12,817-INFO-user_log.py-homoo-日志信息:/*结束->ID:2,标题:用户名为空登录*/
2020-08-05 22:47:13,313-INFO-user_log.py-homoo-日志信息:/*开始->ID:3,标题:密码为空登录*/
2020-08-05 22:47:13,576-INFO-user_log.py-homoo-日志信息:/*结束->ID:3,标题:密码为空登录*/
2020-08-05 22:47:13,954-INFO-user_log.py-homoo-日志信息:/*开始->ID:4,标题:密码错误登录*/
2020-08-05 22:47:14,160-INFO-user_log.py-homoo-日志信息:/*结束->ID:4,标题:密码错误登录*/
2020-08-05 22:47:14,520-INFO-user_log.py-homoo-日志信息:/*开始->ID:5,标题:用户名不存在登录*/
2020-08-05 22:47:14,723-INFO-user_log.py-homoo-日志信息:/*结束->ID:5,标题:用户名不存在登录*/
2020-08-05 22:47:15,059-INFO-user_log.py-homoo-日志信息:/*开始->ID:1,标题:正常登录*/
2020-08-05 22:47:15,282-INFO-user_log.py-homoo-日志信息:/*结束->ID:1,标题:正常登录*/
2020-08-05 22:47:15,723-INFO-user_log.py-homoo-日志信息:/*开始->ID:2,标题:正常创建*/
2020-08-05 22:47:15,749-INFO-user_log.py-homoo-日志信息:/*结束->ID:2,标题:正常创建*/
2020-08-05 22:47:16,124-INFO-user_log.py-homoo-日志信息:/*开始->ID:3,标题:重复创建*/
2020-08-05 22:47:16,138-INFO-user_log.py-homoo-日志信息:/*结束->ID:3,标题:重复创建*/
2020-08-05 22:47:16,467-INFO-user_log.py-homoo-日志信息:/*开始->ID:4,标题:data的name为空创建*/
2020-08-05 22:47:16,479-INFO-user_log.py-homoo-日志信息:/*结束->ID:4,标题:data的name为空创建*/
2020-08-05 22:47:16,823-INFO-user_log.py-homoo-日志信息:/*开始->ID:5,标题:action为空创建*/
2020-08-05 22:47:16,836-INFO-user_log.py-homoo-日志信息:/*结束->ID:5,标题:action为空创建*/
2020-08-05 22:49:12,135-INFO-user_log.py-homoo-日志信息:/*开始->ID:1,标题:正常登录*/
2020-08-05 22:49:12,463-INFO-user_log.py-homoo-日志信息:/*结束->ID:1,标题:正常登录*/
2020-08-05 22:49:13,321-INFO-user_log.py-homoo-日志信息:/*开始->ID:2,标题:用户名为空登录*/
2020-08-05 22:49:13,598-INFO-user_log.py-homoo-日志信息:/*结束->ID:2,标题:用户名为空登录*/
2020-08-05 22:49:14,221-INFO-user_log.py-homoo-日志信息:/*开始->ID:3,标题:密码为空登录*/
2020-08-05 22:49:14,492-INFO-user_log.py-homoo-日志信息:/*结束->ID:3,标题:密码为空登录*/
2020-08-05 22:49:14,902-INFO-user_log.py-homoo-日志信息:/*开始->ID:4,标题:密码错误登录*/
2020-08-05 22:49:15,103-INFO-user_log.py-homoo-日志信息:/*结束->ID:4,标题:密码错误登录*/
2020-08-05 22:49:15,523-INFO-user_log.py-homoo-日志信息:/*开始->ID:5,标题:用户名不存在登录*/
2020-08-05 22:49:15,722-INFO-user_log.py-homoo-日志信息:/*结束->ID:5,标题:用户名不存在登录*/
2020-08-05 22:49:16,032-INFO-user_log.py-homoo-日志信息:/*开始->ID:1,标题:正常登录*/
2020-08-05 22:49:16,248-INFO-user_log.py-homoo-日志信息:/*结束->ID:1,标题:正常登录*/
2020-08-05 22:49:16,568-INFO-user_log.py-homoo-日志信息:/*开始->ID:2,标题:正常创建*/
2020-08-05 22:49:16,589-INFO-user_log.py-homoo-日志信息:/*结束->ID:2,标题:正常创建*/
2020-08-05 22:49:17,026-INFO-user_log.py-homoo-日志信息:/*开始->ID:3,标题:重复创建*/
2020-08-05 22:49:17,040-INFO-user_log.py-homoo-日志信息:/*结束->ID:3,标题:重复创建*/
2020-08-05 22:49:17,371-INFO-user_log.py-homoo-日志信息:/*开始->ID:4,标题:data的name为空创建*/
2020-08-05 22:49:17,382-INFO-user_log.py-homoo-日志信息:/*结束->ID:4,标题:data的name为空创建*/
2020-08-05 22:49:17,716-INFO-user_log.py-homoo-日志信息:/*开始->ID:5,标题:action为空创建*/
2020-08-05 22:49:17,729-INFO-user_log.py-homoo-日志信息:/*结束->ID:5,标题:action为空创建*/
2020-08-05 22:51:06,737-INFO-user_log.py-homoo-日志信息:/*开始->ID:1,标题:正常登录*/
2020-08-05 22:51:06,975-INFO-user_log.py-homoo-日志信息:/*结束->ID:1,标题:正常登录*/
2020-08-05 22:51:07,301-INFO-user_log.py-homoo-日志信息:/*开始->ID:2,标题:用户名为空登录*/
2020-08-05 22:51:07,491-INFO-user_log.py-homoo-日志信息:/*结束->ID:2,标题:用户名为空登录*/
2020-08-05 22:51:07,810-INFO-user_log.py-homoo-日志信息:/*开始->ID:3,标题:密码为空登录*/
2020-08-05 22:51:07,995-INFO-user_log.py-homoo-日志信息:/*结束->ID:3,标题:密码为空登录*/
2020-08-05 22:51:08,311-INFO-user_log.py-homoo-日志信息:/*开始->ID:4,标题:密码错误登录*/
2020-08-05 22:51:08,503-INFO-user_log.py-homoo-日志信息:/*结束->ID:4,标题:密码错误登录*/
2020-08-05 22:51:08,823-INFO-user_log.py-homoo-日志信息:/*开始->ID:5,标题:用户名不存在登录*/
2020-08-05 22:51:09,000-INFO-user_log.py-homoo-日志信息:/*结束->ID:5,标题:用户名不存在登录*/
2020-08-05 22:51:09,317-INFO-user_log.py-homoo-日志信息:/*开始->ID:1,标题:正常登录*/
2020-08-05 22:51:09,522-INFO-user_log.py-homoo-日志信息:/*结束->ID:1,标题:正常登录*/
2020-08-05 22:51:09,946-INFO-user_log.py-homoo-日志信息:/*开始->ID:2,标题:正常创建*/
2020-08-05 22:51:09,980-INFO-user_log.py-homoo-日志信息:/*结束->ID:2,标题:正常创建*/
2020-08-05 22:51:10,419-INFO-user_log.py-homoo-日志信息:/*开始->ID:3,标题:重复创建*/
2020-08-05 22:51:10,433-INFO-user_log.py-homoo-日志信息:/*结束->ID:3,标题:重复创建*/
2020-08-05 22:51:10,752-INFO-user_log.py-homoo-日志信息:/*开始->ID:4,标题:data的name为空创建*/
2020-08-05 22:51:10,763-INFO-user_log.py-homoo-日志信息:/*结束->ID:4,标题:data的name为空创建*/
2020-08-05 22:51:11,095-INFO-user_log.py-homoo-日志信息:/*开始->ID:5,标题:action为空创建*/
2020-08-05 22:51:11,106-INFO-user_log.py-homoo-日志信息:/*结束->ID:5,标题:action为空创建*/
2020-08-05 22:53:07,113-INFO-user_log.py-homoo-日志信息:/*开始->ID:1,标题:正常登录*/
2020-08-05 22:53:07,388-INFO-user_log.py-homoo-日志信息:/*结束->ID:1,标题:正常登录*/
2020-08-05 22:53:07,859-INFO-user_log.py-homoo-日志信息:/*开始->ID:2,标题:用户名为空登录*/
2020-08-05 22:53:08,115-INFO-user_log.py-homoo-日志信息:/*结束->ID:2,标题:用户名为空登录*/
2020-08-05 22:53:08,561-INFO-user_log.py-homoo-日志信息:/*开始->ID:3,标题:密码为空登录*/
2020-08-05 22:53:08,776-INFO-user_log.py-homoo-日志信息:/*结束->ID:3,标题:密码为空登录*/
2020-08-05 22:53:09,328-INFO-user_log.py-homoo-日志信息:/*开始->ID:4,标题:密码错误登录*/
2020-08-05 22:53:09,549-INFO-user_log.py-homoo-日志信息:/*结束->ID:4,标题:密码错误登录*/
2020-08-05 22:53:09,918-INFO-user_log.py-homoo-日志信息:/*开始->ID:5,标题:用户名不存在登录*/
2020-08-05 22:53:10,102-INFO-user_log.py-homoo-日志信息:/*结束->ID:5,标题:用户名不存在登录*/
2020-08-05 22:53:10,442-INFO-user_log.py-homoo-日志信息:/*开始->ID:1,标题:正常登录*/
2020-08-05 22:53:10,657-INFO-user_log.py-homoo-日志信息:/*结束->ID:1,标题:正常登录*/
2020-08-05 22:53:11,028-INFO-user_log.py-homoo-日志信息:/*开始->ID:2,标题:正常创建*/
2020-08-05 22:53:11,052-INFO-user_log.py-homoo-日志信息:/*结束->ID:2,标题:正常创建*/
2020-08-05 22:53:11,388-INFO-user_log.py-homoo-日志信息:/*开始->ID:3,标题:重复创建*/
2020-08-05 22:53:11,402-INFO-user_log.py-homoo-日志信息:/*结束->ID:3,标题:重复创建*/
2020-08-05 22:53:11,805-INFO-user_log.py-homoo-日志信息:/*开始->ID:4,标题:data的name为空创建*/
2020-08-05 22:53:11,823-INFO-user_log.py-homoo-日志信息:/*结束->ID:4,标题:data的name为空创建*/
2020-08-05 22:53:12,287-INFO-user_log.py-homoo-日志信息:/*开始->ID:5,标题:action为空创建*/
2020-08-05 22:53:12,301-INFO-user_log.py-homoo-日志信息:/*结束->ID:5,标题:action为空创建*/
2020-08-05 22:55:06,595-INFO-user_log.py-homoo-日志信息:/*开始->ID:1,标题:正常登录*/
2020-08-05 22:55:06,843-INFO-user_log.py-homoo-日志信息:/*结束->ID:1,标题:正常登录*/
2020-08-05 22:55:07,175-INFO-user_log.py-homoo-日志信息:/*开始->ID:2,标题:用户名为空登录*/
2020-08-05 22:55:07,361-INFO-user_log.py-homoo-日志信息:/*结束->ID:2,标题:用户名为空登录*/
2020-08-05 22:55:07,701-INFO-user_log.py-homoo-日志信息:/*开始->ID:3,标题:密码为空登录*/
2020-08-05 22:55:07,884-INFO-user_log.py-homoo-日志信息:/*结束->ID:3,标题:密码为空登录*/
2020-08-05 22:55:08,259-INFO-user_log.py-homoo-日志信息:/*开始->ID:4,标题:密码错误登录*/
2020-08-05 22:55:08,465-INFO-user_log.py-homoo-日志信息:/*结束->ID:4,标题:密码错误登录*/
2020-08-05 22:55:08,911-INFO-user_log.py-homoo-日志信息:/*开始->ID:5,标题:用户名不存在登录*/
2020-08-05 22:55:09,095-INFO-user_log.py-homoo-日志信息:/*结束->ID:5,标题:用户名不存在登录*/
2020-08-05 22:55:09,503-INFO-user_log.py-homoo-日志信息:/*开始->ID:1,标题:正常登录*/
2020-08-05 22:55:09,803-INFO-user_log.py-homoo-日志信息:/*结束->ID:1,标题:正常登录*/
2020-08-05 22:55:10,243-INFO-user_log.py-homoo-日志信息:/*开始->ID:2,标题:正常创建*/
2020-08-05 22:55:10,266-INFO-user_log.py-homoo-日志信息:/*结束->ID:2,标题:正常创建*/
2020-08-05 22:55:10,663-INFO-user_log.py-homoo-日志信息:/*开始->ID:3,标题:重复创建*/
2020-08-05 22:55:10,676-INFO-user_log.py-homoo-日志信息:/*结束->ID:3,标题:重复创建*/
2020-08-05 22:55:10,990-INFO-user_log.py-homoo-日志信息:/*开始->ID:4,标题:data的name为空创建*/
2020-08-05 22:55:11,002-INFO-user_log.py-homoo-日志信息:/*结束->ID:4,标题:data的name为空创建*/
2020-08-05 22:55:11,367-INFO-user_log.py-homoo-日志信息:/*开始->ID:5,标题:action为空创建*/
2020-08-05 22:55:11,381-INFO-user_log.py-homoo-日志信息:/*结束->ID:5,标题:action为空创建*/
2020-08-05 22:57:07,919-INFO-user_log.py-homoo-日志信息:/*开始->ID:1,标题:正常登录*/
2020-08-05 22:57:08,153-INFO-user_log.py-homoo-日志信息:/*结束->ID:1,标题:正常登录*/
2020-08-05 22:57:08,514-INFO-user_log.py-homoo-日志信息:/*开始->ID:2,标题:用户名为空登录*/
2020-08-05 22:57:08,703-INFO-user_log.py-homoo-日志信息:/*结束->ID:2,标题:用户名为空登录*/
2020-08-05 22:57:09,009-INFO-user_log.py-homoo-日志信息:/*开始->ID:3,标题:密码为空登录*/
2020-08-05 22:57:09,212-INFO-user_log.py-homoo-日志信息:/*结束->ID:3,标题:密码为空登录*/
2020-08-05 22:57:09,584-INFO-user_log.py-homoo-日志信息:/*开始->ID:4,标题:密码错误登录*/
2020-08-05 22:57:09,800-INFO-user_log.py-homoo-日志信息:/*结束->ID:4,标题:密码错误登录*/
2020-08-05 22:57:10,140-INFO-user_log.py-homoo-日志信息:/*开始->ID:5,标题:用户名不存在登录*/
2020-08-05 22:57:10,327-INFO-user_log.py-homoo-日志信息:/*结束->ID:5,标题:用户名不存在登录*/
2020-08-05 22:57:10,644-INFO-user_log.py-homoo-日志信息:/*开始->ID:1,标题:正常登录*/
2020-08-05 22:57:10,897-INFO-user_log.py-homoo-日志信息:/*结束->ID:1,标题:正常登录*/
2020-08-05 22:57:11,263-INFO-user_log.py-homoo-日志信息:/*开始->ID:2,标题:正常创建*/
2020-08-05 22:57:11,286-INFO-user_log.py-homoo-日志信息:/*结束->ID:2,标题:正常创建*/
2020-08-05 22:57:11,632-INFO-user_log.py-homoo-日志信息:/*开始->ID:3,标题:重复创建*/
2020-08-05 22:57:11,645-INFO-user_log.py-homoo-日志信息:/*结束->ID:3,标题:重复创建*/
2020-08-05 22:57:11,991-INFO-user_log.py-homoo-日志信息:/*开始->ID:4,标题:data的name为空创建*/
2020-08-05 22:57:12,002-INFO-user_log.py-homoo-日志信息:/*结束->ID:4,标题:data的name为空创建*/
2020-08-05 22:57:12,369-INFO-user_log.py-homoo-日志信息:/*开始->ID:5,标题:action为空创建*/
2020-08-05 22:57:12,386-INFO-user_log.py-homoo-日志信息:/*结束->ID:5,标题:action为空创建*/
2020-08-05 22:59:09,776-INFO-user_log.py-homoo-日志信息:/*开始->ID:1,标题:正常登录*/
2020-08-05 22:59:10,004-INFO-user_log.py-homoo-日志信息:/*结束->ID:1,标题:正常登录*/
2020-08-05 22:59:10,368-INFO-user_log.py-homoo-日志信息:/*开始->ID:2,标题:用户名为空登录*/
2020-08-05 22:59:10,546-INFO-user_log.py-homoo-日志信息:/*结束->ID:2,标题:用户名为空登录*/
2020-08-05 22:59:10,889-INFO-user_log.py-homoo-日志信息:/*开始->ID:3,标题:密码为空登录*/
2020-08-05 22:59:11,071-INFO-user_log.py-homoo-日志信息:/*结束->ID:3,标题:密码为空登录*/
2020-08-05 22:59:11,426-INFO-user_log.py-homoo-日志信息:/*开始->ID:4,标题:密码错误登录*/
2020-08-05 22:59:11,625-INFO-user_log.py-homoo-日志信息:/*结束->ID:4,标题:密码错误登录*/
2020-08-05 22:59:11,964-INFO-user_log.py-homoo-日志信息:/*开始->ID:5,标题:用户名不存在登录*/
2020-08-05 22:59:12,144-INFO-user_log.py-homoo-日志信息:/*结束->ID:5,标题:用户名不存在登录*/
2020-08-05 22:59:12,488-INFO-user_log.py-homoo-日志信息:/*开始->ID:1,标题:正常登录*/
2020-08-05 22:59:12,702-INFO-user_log.py-homoo-日志信息:/*结束->ID:1,标题:正常登录*/
2020-08-05 22:59:13,043-INFO-user_log.py-homoo-日志信息:/*开始->ID:2,标题:正常创建*/
2020-08-05 22:59:13,068-INFO-user_log.py-homoo-日志信息:/*结束->ID:2,标题:正常创建*/
2020-08-05 22:59:13,416-INFO-user_log.py-homoo-日志信息:/*开始->ID:3,标题:重复创建*/
2020-08-05 22:59:13,427-INFO-user_log.py-homoo-日志信息:/*结束->ID:3,标题:重复创建*/
2020-08-05 22:59:13,735-INFO-user_log.py-homoo-日志信息:/*开始->ID:4,标题:data的name为空创建*/
2020-08-05 22:59:13,751-INFO-user_log.py-homoo-日志信息:/*结束->ID:4,标题:data的name为空创建*/
2020-08-05 22:59:14,101-INFO-user_log.py-homoo-日志信息:/*开始->ID:5,标题:action为空创建*/
2020-08-05 22:59:14,115-INFO-user_log.py-homoo-日志信息:/*结束->ID:5,标题:action为空创建*/
2020-08-05 23:01:09,775-INFO-user_log.py-homoo-日志信息:/*开始->ID:1,标题:正常登录*/
2020-08-05 23:01:10,001-INFO-user_log.py-homoo-日志信息:/*结束->ID:1,标题:正常登录*/
2020-08-05 23:01:10,331-INFO-user_log.py-homoo-日志信息:/*开始->ID:2,标题:用户名为空登录*/
2020-08-05 23:01:10,529-INFO-user_log.py-homoo-日志信息:/*结束->ID:2,标题:用户名为空登录*/
2020-08-05 23:01:10,888-INFO-user_log.py-homoo-日志信息:/*开始->ID:3,标题:密码为空登录*/
2020-08-05 23:01:11,098-INFO-user_log.py-homoo-日志信息:/*结束->ID:3,标题:密码为空登录*/
2020-08-05 23:01:11,450-INFO-user_log.py-homoo-日志信息:/*开始->ID:4,标题:密码错误登录*/
2020-08-05 23:01:11,631-INFO-user_log.py-homoo-日志信息:/*结束->ID:4,标题:密码错误登录*/
2020-08-05 23:01:11,977-INFO-user_log.py-homoo-日志信息:/*开始->ID:5,标题:用户名不存在登录*/
2020-08-05 23:01:12,218-INFO-user_log.py-homoo-日志信息:/*结束->ID:5,标题:用户名不存在登录*/
2020-08-05 23:01:12,646-INFO-user_log.py-homoo-日志信息:/*开始->ID:1,标题:正常登录*/
2020-08-05 23:01:12,891-INFO-user_log.py-homoo-日志信息:/*结束->ID:1,标题:正常登录*/
2020-08-05 23:01:13,251-INFO-user_log.py-homoo-日志信息:/*开始->ID:2,标题:正常创建*/
2020-08-05 23:01:13,272-INFO-user_log.py-homoo-日志信息:/*结束->ID:2,标题:正常创建*/
2020-08-05 23:01:13,651-INFO-user_log.py-homoo-日志信息:/*开始->ID:3,标题:重复创建*/
2020-08-05 23:01:13,685-INFO-user_log.py-homoo-日志信息:/*结束->ID:3,标题:重复创建*/
2020-08-05 23:01:14,169-INFO-user_log.py-homoo-日志信息:/*开始->ID:4,标题:data的name为空创建*/
2020-08-05 23:01:14,182-INFO-user_log.py-homoo-日志信息:/*结束->ID:4,标题:data的name为空创建*/
2020-08-05 23:01:14,568-INFO-user_log.py-homoo-日志信息:/*开始->ID:5,标题:action为空创建*/
2020-08-05 23:01:14,580-INFO-user_log.py-homoo-日志信息:/*结束->ID:5,标题:action为空创建*/
2020-08-05 23:03:07,396-INFO-user_log.py-homoo-日志信息:/*开始->ID:1,标题:正常登录*/
2020-08-05 23:03:07,649-INFO-user_log.py-homoo-日志信息:/*结束->ID:1,标题:正常登录*/
2020-08-05 23:03:08,024-INFO-user_log.py-homoo-日志信息:/*开始->ID:2,标题:用户名为空登录*/
2020-08-05 23:03:08,213-INFO-user_log.py-homoo-日志信息:/*结束->ID:2,标题:用户名为空登录*/
2020-08-05 23:03:08,560-INFO-user_log.py-homoo-日志信息:/*开始->ID:3,标题:密码为空登录*/
2020-08-05 23:03:08,762-INFO-user_log.py-homoo-日志信息:/*结束->ID:3,标题:密码为空登录*/
2020-08-05 23:03:09,111-INFO-user_log.py-homoo-日志信息:/*开始->ID:4,标题:密码错误登录*/
2020-08-05 23:03:09,304-INFO-user_log.py-homoo-日志信息:/*结束->ID:4,标题:密码错误登录*/
2020-08-05 23:03:09,641-INFO-user_log.py-homoo-日志信息:/*开始->ID:5,标题:用户名不存在登录*/
2020-08-05 23:03:09,844-INFO-user_log.py-homoo-日志信息:/*结束->ID:5,标题:用户名不存在登录*/
2020-08-05 23:03:10,172-INFO-user_log.py-homoo-日志信息:/*开始->ID:1,标题:正常登录*/
2020-08-05 23:03:10,398-INFO-user_log.py-homoo-日志信息:/*结束->ID:1,标题:正常登录*/
2020-08-05 23:03:10,735-INFO-user_log.py-homoo-日志信息:/*开始->ID:2,标题:正常创建*/
2020-08-05 23:03:10,759-INFO-user_log.py-homoo-日志信息:/*结束->ID:2,标题:正常创建*/
2020-08-05 23:03:11,083-INFO-user_log.py-homoo-日志信息:/*开始->ID:3,标题:重复创建*/
2020-08-05 23:03:11,096-INFO-user_log.py-homoo-日志信息:/*结束->ID:3,标题:重复创建*/
2020-08-05 23:03:11,444-INFO-user_log.py-homoo-日志信息:/*开始->ID:4,标题:data的name为空创建*/
2020-08-05 23:03:11,456-INFO-user_log.py-homoo-日志信息:/*结束->ID:4,标题:data的name为空创建*/
2020-08-05 23:03:11,809-INFO-user_log.py-homoo-日志信息:/*开始->ID:5,标题:action为空创建*/
2020-08-05 23:03:11,823-INFO-user_log.py-homoo-日志信息:/*结束->ID:5,标题:action为空创建*/
2020-08-05 23:05:06,385-INFO-user_log.py-homoo-日志信息:/*开始->ID:1,标题:正常登录*/
2020-08-05 23:05:06,618-INFO-user_log.py-homoo-日志信息:/*结束->ID:1,标题:正常登录*/
2020-08-05 23:05:07,003-INFO-user_log.py-homoo-日志信息:/*开始->ID:2,标题:用户名为空登录*/
2020-08-05 23:05:07,205-INFO-user_log.py-homoo-日志信息:/*结束->ID:2,标题:用户名为空登录*/
2020-08-05 23:05:07,551-INFO-user_log.py-homoo-日志信息:/*开始->ID:3,标题:密码为空登录*/
2020-08-05 23:05:07,740-INFO-user_log.py-homoo-日志信息:/*结束->ID:3,标题:密码为空登录*/
2020-08-05 23:05:08,105-INFO-user_log.py-homoo-日志信息:/*开始->ID:4,标题:密码错误登录*/
2020-08-05 23:05:08,337-INFO-user_log.py-homoo-日志信息:/*结束->ID:4,标题:密码错误登录*/
2020-08-05 23:05:08,704-INFO-user_log.py-homoo-日志信息:/*开始->ID:5,标题:用户名不存在登录*/
2020-08-05 23:05:08,922-INFO-user_log.py-homoo-日志信息:/*结束->ID:5,标题:用户名不存在登录*/
2020-08-05 23:05:09,240-INFO-user_log.py-homoo-日志信息:/*开始->ID:1,标题:正常登录*/
2020-08-05 23:05:09,452-INFO-user_log.py-homoo-日志信息:/*结束->ID:1,标题:正常登录*/
2020-08-05 23:05:09,780-INFO-user_log.py-homoo-日志信息:/*开始->ID:2,标题:正常创建*/
2020-08-05 23:05:09,798-INFO-user_log.py-homoo-日志信息:/*结束->ID:2,标题:正常创建*/
2020-08-05 23:05:10,135-INFO-user_log.py-homoo-日志信息:/*开始->ID:3,标题:重复创建*/
2020-08-05 23:05:10,148-INFO-user_log.py-homoo-日志信息:/*结束->ID:3,标题:重复创建*/
2020-08-05 23:05:10,515-INFO-user_log.py-homoo-日志信息:/*开始->ID:4,标题:data的name为空创建*/
2020-08-05 23:05:10,526-INFO-user_log.py-homoo-日志信息:/*结束->ID:4,标题:data的name为空创建*/
2020-08-05 23:05:10,837-INFO-user_log.py-homoo-日志信息:/*开始->ID:5,标题:action为空创建*/
2020-08-05 23:05:10,853-INFO-user_log.py-homoo-日志信息:/*结束->ID:5,标题:action为空创建*/
